Read yaml strings.yaml
Skipping std::string, unable to create C wrapper for function returning getConstStringResult instance (must return a pointer or reference). Bufferify version will still be created.
Skipping std::string, unable to create C wrapper for function returning getConstStringLen instance (must return a pointer or reference). Bufferify version will still be created.
Skipping std::string, unable to create C wrapper for function returning getConstStringAsArg instance (must return a pointer or reference). Bufferify version will still be created.
Skipping std::string, unable to create C wrapper for function returning getConstStringAlloc instance (must return a pointer or reference). Bufferify version will still be created.
C c void init_test(void)  +intent(subroutine)
C f void init_test(void)  +intent(subroutine)
C c void passChar(char status +value)  +intent(subroutine)
C f void passChar(char status +value)  +intent(subroutine)
C c void passCharForce(char status +value)  +intent(subroutine)
C f void passCharForce(char status +value)  +intent(subroutine)
C c char returnChar(void)  +intent(function)
C f char returnChar(void)  +intent(function)
C c void passCharPtr(char * dest +charlen(40)+intent(out), const char * src)  +intent(subroutine)
C f void passCharPtr(char * dest +charlen(40)+intent(out), const char * src)  +intent(subroutine)
C c void passCharPtrInOut(char * s +intent(inout))  +intent(subroutine)
C f void passCharPtrInOut(char * s +intent(inout))  +intent(subroutine)
C c const char * getCharPtr1(void)  +deref(allocatable)+intent(function)
C f const char * getCharPtr1(void)  +api(cdesc)+deref(allocatable)+intent(function)
C c const char * getCharPtr2(void) +len(30)  +deref(copy)+intent(function)
C f const char * getCharPtr2(void) +len(30)  +api(buf)+deref(copy)+intent(function)
C c const char * getCharPtr3(void)  +intent(function)
C f const char * getCharPtr3(void)  +api(buf)+deref(arg)+intent(function)
C c const char * getCharPtr4(void) +deref(raw)  +deref(raw)+intent(function)
C f const char * getCharPtr4(void) +deref(raw)  +deref(raw)+intent(function)
C c const char * getCharPtr5(void) +deref(pointer)  +deref(pointer)+intent(function)
C f const char * getCharPtr5(void) +deref(pointer)  +api(cdesc)+deref(pointer)+intent(function)
C f const string getConstStringResult(void)  +api(cdesc)+deref(allocatable)+intent(function)
C f const string getConstStringLen(void) +len(30)  +api(buf)+deref(copy)+intent(function)
C f const string getConstStringAsArg(void)  +api(buf)+deref(arg)+intent(function)
C f const std::string getConstStringAlloc(void)  +api(cdesc)+deref(allocatable)+intent(function)
C c const string & getConstStringRefPure(void)  +deref(allocatable)+intent(function)
C f const string & getConstStringRefPure(void)  +api(cdesc)+deref(allocatable)+intent(function)
C c const string & getConstStringRefLen(void) +len(30)  +deref(copy)+intent(function)
C f const string & getConstStringRefLen(void) +len(30)  +api(buf)+deref(copy)+intent(function)
C c const string & getConstStringRefAsArg(void)  +intent(function)
C f const string & getConstStringRefAsArg(void)  +api(buf)+deref(arg)+intent(function)
C c const string & getConstStringRefLenEmpty(void) +len(30)  +deref(copy)+intent(function)
C f const string & getConstStringRefLenEmpty(void) +len(30)  +api(buf)+deref(copy)+intent(function)
C c const std::string & getConstStringRefAlloc(void)  +deref(allocatable)+intent(function)
C f const std::string & getConstStringRefAlloc(void)  +api(cdesc)+deref(allocatable)+intent(function)
C c const string * getConstStringPtrLen(void) +len(30)  +deref(copy)+intent(function)
C f const string * getConstStringPtrLen(void) +len(30)  +api(buf)+deref(copy)+intent(function)
C c const std::string * getConstStringPtrAlloc(void) +owner(library)  +deref(allocatable)+intent(function)
C f const std::string * getConstStringPtrAlloc(void) +owner(library)  +api(cdesc)+deref(allocatable)+intent(function)
C c const std::string * getConstStringPtrOwnsAlloc(void) +owner(caller)  +deref(allocatable)+intent(function)
C f const std::string * getConstStringPtrOwnsAlloc(void) +owner(caller)  +api(cdesc)+deref(allocatable)+intent(function)
C c const std::string * getConstStringPtrOwnsAllocPattern(void) +free_pattern(C_string_free)+owner(caller)  +deref(allocatable)+intent(function)
C f const std::string * getConstStringPtrOwnsAllocPattern(void) +free_pattern(C_string_free)+owner(caller)  +api(cdesc)+deref(allocatable)+intent(function)
C c const std::string * getConstStringPtrPointer(void) +deref(pointer)+owner(library)  +deref(pointer)+intent(function)
C f const std::string * getConstStringPtrPointer(void) +deref(pointer)+owner(library)  +api(cdesc)+deref(pointer)+intent(function)
C c void acceptStringConstReference(const std::string & arg1)  +intent(subroutine)
C f void acceptStringConstReference(const std::string & arg1)  +intent(subroutine)
C c void acceptStringReferenceOut(std::string & arg1 +intent(out))  +intent(subroutine)
C f void acceptStringReferenceOut(std::string & arg1 +intent(out))  +intent(subroutine)
C c void acceptStringReference(std::string & arg1)  +intent(subroutine)
C f void acceptStringReference(std::string & arg1)  +intent(subroutine)
C c void acceptStringPointerConst(const std::string * arg1)  +intent(subroutine)
C f void acceptStringPointerConst(const std::string * arg1)  +intent(subroutine)
C c void acceptStringPointer(std::string * arg1)  +intent(subroutine)
C f void acceptStringPointer(std::string * arg1)  +intent(subroutine)
C c void fetchStringPointer(std::string * arg1 +intent(out))  +intent(subroutine)
C f void fetchStringPointer(std::string * arg1 +intent(out))  +intent(subroutine)
C c void acceptStringPointerLen(std::string * arg1, int * nlen +intent(out))  +intent(subroutine)
C f void acceptStringPointerLen(std::string * arg1, int * nlen +intent(out))  +intent(subroutine)
C c void fetchStringPointerLen(std::string * arg1 +intent(out), int * nlen +intent(out))  +intent(subroutine)
C f void fetchStringPointerLen(std::string * arg1 +intent(out), int * nlen +intent(out))  +intent(subroutine)
C c int acceptStringInstance(std::string arg1 +value)  +intent(function)
C f int acceptStringInstance(std::string arg1 +value)  +intent(function)
C c void fetchArrayStringArg(std::string * * strs +dimension(nstrs)+intent(out), int * nstrs +hidden+intent(out))  +intent(subroutine)
C f void fetchArrayStringArg(std::string * * strs +dimension(nstrs)+intent(out), int * nstrs +hidden+intent(out))  +intent(subroutine)
C c void fetchArrayStringAlloc(std::string * * strs +deref(allocatable)+dimension(nstrs)+intent(out), int * nstrs +hidden+intent(out))  +intent(subroutine)
C f void fetchArrayStringAlloc(std::string * * strs +deref(allocatable)+dimension(nstrs)+intent(out), int * nstrs +hidden+intent(out))  +intent(subroutine)
C c void fetchArrayStringAllocLen(std::string * * strs +deref(allocatable)+dimension(nstrs)+intent(out)+len(20), int * nstrs +hidden+intent(out))  +intent(subroutine)
C f void fetchArrayStringAllocLen(std::string * * strs +deref(allocatable)+dimension(nstrs)+intent(out)+len(20), int * nstrs +hidden+intent(out))  +intent(subroutine)
C c void explicit1(char * name +intent(in)+len_trim(AAlen))  +intent(subroutine)
C f void explicit1(char * name +intent(in)+len_trim(AAlen))  +intent(subroutine)
C c void explicit2(char * name +intent(out)+len(AAtrim))  +intent(subroutine)
C f void explicit2(char * name +intent(out)+len(AAtrim))  +intent(subroutine)
C c void CpassChar(char status +value)  +intent(subroutine)
C f void CpassChar(char status +value)  +intent(subroutine)
C c char CreturnChar(void)  +intent(function)
C f char CreturnChar(void)  +intent(function)
C c void CpassCharPtr(char * dest +intent(out), const char * src +blanknull)  +intent(subroutine)
C f void CpassCharPtr(char * dest +intent(out), const char * src +blanknull)  +intent(subroutine)
C c void CpassCharPtrBlank(char * dest +intent(out), const char * src)  +intent(subroutine)
C f void CpassCharPtrBlank(char * dest +intent(out), const char * src)  +intent(subroutine)
C c void PostDeclare(int * count +intent(in)+rank(1), std::string & name)  +intent(subroutine)
C f void PostDeclare(int * count +intent(in)+rank(1), std::string & name)  +intent(subroutine)
C c int CpassCharPtrNotrim(const char * src)  +intent(function)
C f int CpassCharPtrNotrim(const char * src)  +intent(function)
C c int CpassCharPtrCAPI(void * addr +value, const char * src +api(capi))  +intent(function)
C f int CpassCharPtrCAPI(void * addr +value, const char * src +api(capi))  +intent(function)
C c int CpassCharPtrCAPI2(const char * in, const char * src +api(capi))  +intent(function)
C f int CpassCharPtrCAPI2(const char * in, const char * src +api(capi))  +intent(function)
Close wrapstrings.h
Close wrapstrings.cpp
Fortran void init_test(void)  +intent(subroutine)
Fortran void passChar(char status +value)  +intent(subroutine)
Fortran void passCharForce(char status +value)  +intent(subroutine)
Fortran char returnChar(void)  +intent(function)
Fortran void passCharPtr(char * dest +charlen(40)+intent(out), const char * src)  +intent(subroutine)
Fortran void passCharPtrInOut(char * s +intent(inout))  +intent(subroutine)
Fortran const char * getCharPtr1(void)  +api(cdesc)+deref(allocatable)+intent(function)
Fortran const char * getCharPtr2(void) +len(30)  +api(buf)+deref(copy)+intent(function)
Fortran const char * getCharPtr3(void)  +api(buf)+deref(arg)+intent(function)
Fortran const char * getCharPtr4(void) +deref(raw)  +deref(raw)+intent(function)
Fortran const char * getCharPtr5(void) +deref(pointer)  +api(cdesc)+deref(pointer)+intent(function)
Fortran const string getConstStringResult(void)  +api(cdesc)+deref(allocatable)+intent(function)
Fortran const string getConstStringLen(void) +len(30)  +api(buf)+deref(copy)+intent(function)
Fortran const string getConstStringAsArg(void)  +api(buf)+deref(arg)+intent(function)
Fortran const std::string getConstStringAlloc(void)  +api(cdesc)+deref(allocatable)+intent(function)
Fortran const string & getConstStringRefPure(void)  +api(cdesc)+deref(allocatable)+intent(function)
Fortran const string & getConstStringRefLen(void) +len(30)  +api(buf)+deref(copy)+intent(function)
Fortran const string & getConstStringRefAsArg(void)  +api(buf)+deref(arg)+intent(function)
Fortran const string & getConstStringRefLenEmpty(void) +len(30)  +api(buf)+deref(copy)+intent(function)
Fortran const std::string & getConstStringRefAlloc(void)  +api(cdesc)+deref(allocatable)+intent(function)
Fortran const string * getConstStringPtrLen(void) +len(30)  +api(buf)+deref(copy)+intent(function)
Fortran const std::string * getConstStringPtrAlloc(void) +owner(library)  +api(cdesc)+deref(allocatable)+intent(function)
Fortran const std::string * getConstStringPtrOwnsAlloc(void) +owner(caller)  +api(cdesc)+deref(allocatable)+intent(function)
Fortran const std::string * getConstStringPtrOwnsAllocPattern(void) +free_pattern(C_string_free)+owner(caller)  +api(cdesc)+deref(allocatable)+intent(function)
Fortran const std::string * getConstStringPtrPointer(void) +deref(pointer)+owner(library)  +api(cdesc)+deref(pointer)+intent(function)
Fortran void acceptStringConstReference(const std::string & arg1)  +intent(subroutine)
Fortran void acceptStringReferenceOut(std::string & arg1 +intent(out))  +intent(subroutine)
Fortran void acceptStringReference(std::string & arg1)  +intent(subroutine)
Fortran void acceptStringPointerConst(const std::string * arg1)  +intent(subroutine)
Fortran void acceptStringPointer(std::string * arg1)  +intent(subroutine)
Fortran void fetchStringPointer(std::string * arg1 +intent(out))  +intent(subroutine)
Fortran void acceptStringPointerLen(std::string * arg1, int * nlen +intent(out))  +intent(subroutine)
Fortran void fetchStringPointerLen(std::string * arg1 +intent(out), int * nlen +intent(out))  +intent(subroutine)
Fortran int acceptStringInstance(std::string arg1 +value)  +intent(function)
Fortran void fetchArrayStringArg(std::string * * strs +dimension(nstrs)+intent(out), int * nstrs +hidden+intent(out))  +intent(subroutine)
Fortran void fetchArrayStringAlloc(std::string * * strs +deref(allocatable)+dimension(nstrs)+intent(out), int * nstrs +hidden+intent(out))  +intent(subroutine)
Fortran void fetchArrayStringAllocLen(std::string * * strs +deref(allocatable)+dimension(nstrs)+intent(out)+len(20), int * nstrs +hidden+intent(out))  +intent(subroutine)
Fortran void explicit1(char * name +intent(in)+len_trim(AAlen))  +intent(subroutine)
Fortran void explicit2(char * name +intent(out)+len(AAtrim))  +intent(subroutine)
Fortran void CpassChar(char status +value)  +intent(subroutine)
Fortran char CreturnChar(void)  +intent(function)
Fortran void CpassCharPtr(char * dest +intent(out), const char * src +blanknull)  +intent(subroutine)
Fortran void CpassCharPtrBlank(char * dest +intent(out), const char * src)  +intent(subroutine)
Fortran void PostDeclare(int * count +intent(in)+rank(1), std::string & name)  +intent(subroutine)
Fortran int CpassCharPtrNotrim(const char * src)  +intent(function)
Fortran int CpassCharPtrCAPI(void * addr +value, const char * src +api(capi))  +intent(function)
Fortran int CpassCharPtrCAPI2(const char * in, const char * src +api(capi))  +intent(function)
C-interface f void init_test(void)  +intent(subroutine)
C-interface f void passChar(char status +value)  +intent(subroutine)
C-interface f void passCharForce(char status +value)  +intent(subroutine)
C-interface f char returnChar(void)  +intent(function)
C-interface c void passCharPtr(char * dest +charlen(40)+intent(out), const char * src)  +intent(subroutine)
C-interface f void passCharPtr(char * dest +charlen(40)+intent(out), const char * src)  +intent(subroutine)
C-interface c void passCharPtrInOut(char * s +intent(inout))  +intent(subroutine)
C-interface f void passCharPtrInOut(char * s +intent(inout))  +intent(subroutine)
C-interface c const char * getCharPtr1(void)  +deref(allocatable)+intent(function)
C-interface f const char * getCharPtr1(void)  +api(cdesc)+deref(allocatable)+intent(function)
C-interface c const char * getCharPtr2(void) +len(30)  +deref(copy)+intent(function)
C-interface f const char * getCharPtr2(void) +len(30)  +api(buf)+deref(copy)+intent(function)
C-interface c const char * getCharPtr3(void)  +intent(function)
C-interface f const char * getCharPtr3(void)  +api(buf)+deref(arg)+intent(function)
C-interface f const char * getCharPtr4(void) +deref(raw)  +deref(raw)+intent(function)
C-interface c const char * getCharPtr5(void) +deref(pointer)  +deref(pointer)+intent(function)
C-interface f const char * getCharPtr5(void) +deref(pointer)  +api(cdesc)+deref(pointer)+intent(function)
C-interface f const string getConstStringResult(void)  +api(cdesc)+deref(allocatable)+intent(function)
C-interface f const string getConstStringLen(void) +len(30)  +api(buf)+deref(copy)+intent(function)
C-interface f const string getConstStringAsArg(void)  +api(buf)+deref(arg)+intent(function)
C-interface f const std::string getConstStringAlloc(void)  +api(cdesc)+deref(allocatable)+intent(function)
C-interface c const string & getConstStringRefPure(void)  +deref(allocatable)+intent(function)
C-interface f const string & getConstStringRefPure(void)  +api(cdesc)+deref(allocatable)+intent(function)
C-interface c const string & getConstStringRefLen(void) +len(30)  +deref(copy)+intent(function)
C-interface f const string & getConstStringRefLen(void) +len(30)  +api(buf)+deref(copy)+intent(function)
C-interface c const string & getConstStringRefAsArg(void)  +intent(function)
C-interface f const string & getConstStringRefAsArg(void)  +api(buf)+deref(arg)+intent(function)
C-interface c const string & getConstStringRefLenEmpty(void) +len(30)  +deref(copy)+intent(function)
C-interface f const string & getConstStringRefLenEmpty(void) +len(30)  +api(buf)+deref(copy)+intent(function)
C-interface c const std::string & getConstStringRefAlloc(void)  +deref(allocatable)+intent(function)
C-interface f const std::string & getConstStringRefAlloc(void)  +api(cdesc)+deref(allocatable)+intent(function)
C-interface c const string * getConstStringPtrLen(void) +len(30)  +deref(copy)+intent(function)
C-interface f const string * getConstStringPtrLen(void) +len(30)  +api(buf)+deref(copy)+intent(function)
C-interface c const std::string * getConstStringPtrAlloc(void) +owner(library)  +deref(allocatable)+intent(function)
C-interface f const std::string * getConstStringPtrAlloc(void) +owner(library)  +api(cdesc)+deref(allocatable)+intent(function)
C-interface c const std::string * getConstStringPtrOwnsAlloc(void) +owner(caller)  +deref(allocatable)+intent(function)
C-interface f const std::string * getConstStringPtrOwnsAlloc(void) +owner(caller)  +api(cdesc)+deref(allocatable)+intent(function)
C-interface c const std::string * getConstStringPtrOwnsAllocPattern(void) +free_pattern(C_string_free)+owner(caller)  +deref(allocatable)+intent(function)
C-interface f const std::string * getConstStringPtrOwnsAllocPattern(void) +free_pattern(C_string_free)+owner(caller)  +api(cdesc)+deref(allocatable)+intent(function)
C-interface c const std::string * getConstStringPtrPointer(void) +deref(pointer)+owner(library)  +deref(pointer)+intent(function)
C-interface f const std::string * getConstStringPtrPointer(void) +deref(pointer)+owner(library)  +api(cdesc)+deref(pointer)+intent(function)
C-interface c void acceptStringConstReference(const std::string & arg1)  +intent(subroutine)
C-interface f void acceptStringConstReference(const std::string & arg1)  +intent(subroutine)
C-interface c void acceptStringReferenceOut(std::string & arg1 +intent(out))  +intent(subroutine)
C-interface f void acceptStringReferenceOut(std::string & arg1 +intent(out))  +intent(subroutine)
C-interface c void acceptStringReference(std::string & arg1)  +intent(subroutine)
C-interface f void acceptStringReference(std::string & arg1)  +intent(subroutine)
C-interface c void acceptStringPointerConst(const std::string * arg1)  +intent(subroutine)
C-interface f void acceptStringPointerConst(const std::string * arg1)  +intent(subroutine)
C-interface c void acceptStringPointer(std::string * arg1)  +intent(subroutine)
C-interface f void acceptStringPointer(std::string * arg1)  +intent(subroutine)
C-interface c void fetchStringPointer(std::string * arg1 +intent(out))  +intent(subroutine)
C-interface f void fetchStringPointer(std::string * arg1 +intent(out))  +intent(subroutine)
C-interface c void acceptStringPointerLen(std::string * arg1, int * nlen +intent(out))  +intent(subroutine)
C-interface f void acceptStringPointerLen(std::string * arg1, int * nlen +intent(out))  +intent(subroutine)
C-interface c void fetchStringPointerLen(std::string * arg1 +intent(out), int * nlen +intent(out))  +intent(subroutine)
C-interface f void fetchStringPointerLen(std::string * arg1 +intent(out), int * nlen +intent(out))  +intent(subroutine)
C-interface c int acceptStringInstance(std::string arg1 +value)  +intent(function)
C-interface f int acceptStringInstance(std::string arg1 +value)  +intent(function)
C-interface c void fetchArrayStringArg(std::string * * strs +dimension(nstrs)+intent(out), int * nstrs +hidden+intent(out))  +intent(subroutine)
C-interface f void fetchArrayStringArg(std::string * * strs +dimension(nstrs)+intent(out), int * nstrs +hidden+intent(out))  +intent(subroutine)
C-interface c void fetchArrayStringAlloc(std::string * * strs +deref(allocatable)+dimension(nstrs)+intent(out), int * nstrs +hidden+intent(out))  +intent(subroutine)
C-interface f void fetchArrayStringAlloc(std::string * * strs +deref(allocatable)+dimension(nstrs)+intent(out), int * nstrs +hidden+intent(out))  +intent(subroutine)
C-interface c void fetchArrayStringAllocLen(std::string * * strs +deref(allocatable)+dimension(nstrs)+intent(out)+len(20), int * nstrs +hidden+intent(out))  +intent(subroutine)
C-interface f void fetchArrayStringAllocLen(std::string * * strs +deref(allocatable)+dimension(nstrs)+intent(out)+len(20), int * nstrs +hidden+intent(out))  +intent(subroutine)
C-interface f void explicit1(char * name +intent(in)+len_trim(AAlen))  +intent(subroutine)
C-interface c void explicit2(char * name +intent(out)+len(AAtrim))  +intent(subroutine)
C-interface f void explicit2(char * name +intent(out)+len(AAtrim))  +intent(subroutine)
C-interface f void CpassChar(char status +value)  +intent(subroutine)
C-interface f char CreturnChar(void)  +intent(function)
C-interface c void CpassCharPtr(char * dest +intent(out), const char * src +blanknull)  +intent(subroutine)
C-interface f void CpassCharPtr(char * dest +intent(out), const char * src +blanknull)  +intent(subroutine)
C-interface c void CpassCharPtrBlank(char * dest +intent(out), const char * src)  +intent(subroutine)
C-interface f void CpassCharPtrBlank(char * dest +intent(out), const char * src)  +intent(subroutine)
C-interface c void PostDeclare(int * count +intent(in)+rank(1), std::string & name)  +intent(subroutine)
C-interface f void PostDeclare(int * count +intent(in)+rank(1), std::string & name)  +intent(subroutine)
C-interface c int CpassCharPtrNotrim(const char * src)  +intent(function)
C-interface f int CpassCharPtrNotrim(const char * src)  +intent(function)
C-interface f int CpassCharPtrCAPI(void * addr +value, const char * src +api(capi))  +intent(function)
C-interface f int CpassCharPtrCAPI2(const char * in, const char * src +api(capi))  +intent(function)
Close wrapfstrings.f
Close utilstrings.cpp
Close typesstrings.h
Python function void init_test(void)
Python function void passChar(char status +value)
Python function char returnChar(void)
Python function void passCharPtr(char * dest +charlen(40)+intent(out), const char * src)
Python function void passCharPtrInOut(char * s +intent(inout))
Python function const char * getCharPtr1(void)
Python function const char * getCharPtr2(void) +len(30)
Python function const char * getCharPtr3(void)
Python function const string getConstStringResult(void)
Python function const string getConstStringLen(void) +len(30)
Python function const string getConstStringAsArg(void)
Python function const std::string getConstStringAlloc(void)
Python function const string & getConstStringRefPure(void)
Python function const string & getConstStringRefLen(void) +len(30)
Python function const string & getConstStringRefAsArg(void)
Python function const string & getConstStringRefLenEmpty(void) +len(30)
Python function const std::string & getConstStringRefAlloc(void)
Python function const string * getConstStringPtrLen(void) +len(30)
Python function const std::string * getConstStringPtrAlloc(void) +owner(library)
Python function const std::string * getConstStringPtrOwnsAlloc(void) +owner(caller)
Python function const std::string * getConstStringPtrOwnsAllocPattern(void) +free_pattern(C_string_free)+owner(caller)
Python function void acceptStringConstReference(const std::string & arg1)
Python function void acceptStringReferenceOut(std::string & arg1 +intent(out))
Python function void acceptStringReference(std::string & arg1)
Python function void acceptStringPointerConst(const std::string * arg1)
Python function void acceptStringPointer(std::string * arg1)
Python function void fetchStringPointer(std::string * arg1 +intent(out))
Python function void acceptStringPointerLen(std::string * arg1, int * nlen +intent(out))
Python function void fetchStringPointerLen(std::string * arg1 +intent(out), int * nlen +intent(out))
Python function int acceptStringInstance(std::string arg1 +value)
Python function void returnStrings(std::string & arg1 +intent(out), std::string & arg2 +intent(out))
Python function void explicit1(char * name +intent(in)+len_trim(AAlen))
Python function void CpassChar(char status +value)
Python function char CreturnChar(void)
Python function void PostDeclare(int * count +intent(in)+rank(1), std::string & name)
Close pystringsmodule.cpp
Close pystringsmodule.hpp
Close setup.py
