Read yaml pointers.yaml
Fortran void intargs_in(const int * arg)  +intent(subroutine)
Fortran void intargs_inout(int * arg)  +intent(subroutine)
Fortran void intargs_out(int * arg +intent(out))  +intent(subroutine)
Fortran void intargs(const int argin +intent(in)+value, int * arginout +intent(inout), int * argout +intent(out))  +intent(subroutine)
Fortran void cos_doubles(double * in +intent(in)+rank(1), double * out +dimension(size(in))+intent(out), int sizein +implied(size(in))+value)  +intent(subroutine)
Fortran void truncate_to_int(double * in +intent(in)+rank(1), int * out +dimension(size(in))+intent(out), int sizein +implied(size(in))+value)  +intent(subroutine)
Fortran void get_values(int * nvalues +intent(OUT), int * values +dimension(3)+intent(out))  +intent(subroutine)
Fortran void get_values2(int * arg1 +dimension(3)+intent(out), int * arg2 +dimension(3)+intent(out))  +intent(subroutine)
Fortran void iota_dimension(int nvar +value, int * values +dimension(nvar)+intent(out))  +intent(subroutine)
Fortran void Sum(int len +implied(size(values))+value, const int * values +rank(1), int * result +intent(out))  +intent(subroutine)
Fortran void fillIntArray(int * out +dimension(3)+intent(out))  +intent(subroutine)
Fortran void incrementIntArray(int * array +intent(inout)+rank(1), int sizein +implied(size(array))+value)  +intent(subroutine)
Fortran void fill_with_zeros(double * x +rank(1), int x_length +implied(size(x))+value)  +intent(subroutine)
Fortran int accumulate(const int * arr +rank(1), size_t len +implied(size(arr))+value)  +intent(function)
Fortran int acceptCharArrayIn(char * * names +intent(in)+rank(1))  +intent(function)
Fortran void setGlobalInt(int value +value)  +intent(subroutine)
Fortran int sumFixedArray(void)  +intent(function)
Fortran void getPtrToScalar(int * * nitems +intent(out))  +intent(subroutine)
Fortran void getPtrToFixedArray(int * * count +dimension(10)+intent(out))  +intent(subroutine)
Fortran void getPtrToDynamicArray(int * * count +dimension(ncount)+intent(out), int * ncount +hidden+intent(out))  +intent(subroutine)
Fortran void getPtrToFuncArray(int * * count +dimension(getLen())+intent(out))  +intent(subroutine)
Fortran void getPtrToConstScalar(const int * * nitems +intent(out))  +intent(subroutine)
Fortran void getPtrToFixedConstArray(const int * * count +dimension(10)+intent(out))  +intent(subroutine)
Fortran void getPtrToDynamicConstArray(const int * * count +dimension(ncount)+intent(out), int * ncount +hidden+intent(out))  +intent(subroutine)
Fortran void getRawPtrToScalar(int * * nitems +deref(raw)+intent(out))  +intent(subroutine)
Fortran void getRawPtrToScalarForce(int * * nitems +deref(raw)+intent(out))  +intent(subroutine)
Fortran void getRawPtrToFixedArray(int * * count +deref(raw)+intent(out))  +intent(subroutine)
Fortran void getRawPtrToFixedArrayForce(int * * count +deref(raw)+intent(out))  +intent(subroutine)
Fortran void getRawPtrToInt2d(int * * * arg +intent(out))  +intent(subroutine)
Fortran int checkInt2d(int * * arg +intent(in))  +intent(function)
Fortran void DimensionIn(const int * arg +dimension(10,20))  +intent(subroutine)
Fortran void getAllocToFixedArray(int * * count +deref(allocatable)+dimension(10)+intent(out))  +intent(subroutine)
Fortran void * returnAddress1(int flag +value)  +intent(function)
Fortran void * returnAddress2(int flag +value)  +intent(function)
Fortran void fetchVoidPtr(void * * addr +intent(out))  +intent(subroutine)
Fortran void updateVoidPtr(void * * addr +intent(inout))  +intent(subroutine)
Fortran int VoidPtrArray(void * * addr +rank(1))  +intent(function)
Fortran int * returnIntPtrToScalar(void)  +deref(pointer)+intent(function)
Fortran int * returnIntPtrToFixedArray(void) +dimension(10)  +api(cdesc)+deref(pointer)+intent(function)
Fortran const int * returnIntPtrToConstScalar(void)  +deref(pointer)+intent(function)
Fortran const int * returnIntPtrToFixedConstArray(void) +dimension(10)  +api(cdesc)+deref(pointer)+intent(function)
Fortran int * returnIntScalar(void) +deref(scalar)  +deref(scalar)+intent(function)
Fortran int * returnIntRaw(void) +deref(raw)  +deref(raw)+intent(function)
Fortran int * returnIntRawWithArgs(const char * name) +deref(raw)  +deref(raw)+intent(function)
Fortran int * * returnRawPtrToInt2d(void)  +intent(function)
Fortran int * returnIntAllocToFixedArray(void) +deref(allocatable)+dimension(10)  +api(cdesc)+deref(allocatable)+intent(function)
C-interface f void intargs_in(const int * arg)  +intent(subroutine)
C-interface f void intargs_inout(int * arg)  +intent(subroutine)
C-interface f void intargs_out(int * arg +intent(out))  +intent(subroutine)
C-interface f void intargs(const int argin +intent(in)+value, int * arginout +intent(inout), int * argout +intent(out))  +intent(subroutine)
C-interface f void cos_doubles(double * in +intent(in)+rank(1), double * out +dimension(size(in))+intent(out), int sizein +implied(size(in))+value)  +intent(subroutine)
C-interface f void truncate_to_int(double * in +intent(in)+rank(1), int * out +dimension(size(in))+intent(out), int sizein +implied(size(in))+value)  +intent(subroutine)
C-interface f void get_values(int * nvalues +intent(OUT), int * values +dimension(3)+intent(out))  +intent(subroutine)
C-interface f void get_values2(int * arg1 +dimension(3)+intent(out), int * arg2 +dimension(3)+intent(out))  +intent(subroutine)
C-interface f void iota_dimension(int nvar +value, int * values +dimension(nvar)+intent(out))  +intent(subroutine)
C-interface f void Sum(int len +implied(size(values))+value, const int * values +rank(1), int * result +intent(out))  +intent(subroutine)
C-interface f void fillIntArray(int * out +dimension(3)+intent(out))  +intent(subroutine)
C-interface f void incrementIntArray(int * array +intent(inout)+rank(1), int sizein +implied(size(array))+value)  +intent(subroutine)
C-interface f void fill_with_zeros(double * x +rank(1), int x_length +implied(size(x))+value)  +intent(subroutine)
C-interface f int accumulate(const int * arr +rank(1), size_t len +implied(size(arr))+value)  +intent(function)
C-interface f int acceptCharArrayIn(char * * names +intent(in)+rank(1))  +intent(function)
C-interface f void setGlobalInt(int value +value)  +intent(subroutine)
C-interface f int sumFixedArray(void)  +intent(function)
C-interface f void getPtrToScalar(int * * nitems +intent(out))  +intent(subroutine)
C-interface f void getPtrToFixedArray(int * * count +dimension(10)+intent(out))  +intent(subroutine)
C-interface f void getPtrToDynamicArray(int * * count +dimension(ncount)+intent(out), int * ncount +hidden+intent(out))  +intent(subroutine)
C-interface f void getPtrToFuncArray(int * * count +dimension(getLen())+intent(out))  +intent(subroutine)
C-interface f void getPtrToConstScalar(const int * * nitems +intent(out))  +intent(subroutine)
C-interface f void getPtrToFixedConstArray(const int * * count +dimension(10)+intent(out))  +intent(subroutine)
C-interface f void getPtrToDynamicConstArray(const int * * count +dimension(ncount)+intent(out), int * ncount +hidden+intent(out))  +intent(subroutine)
C-interface f void getRawPtrToScalar(int * * nitems +deref(raw)+intent(out))  +intent(subroutine)
C-interface f void getRawPtrToScalarForce(int * * nitems +deref(raw)+intent(out))  +intent(subroutine)
C-interface f void getRawPtrToFixedArray(int * * count +deref(raw)+intent(out))  +intent(subroutine)
C-interface f void getRawPtrToFixedArrayForce(int * * count +deref(raw)+intent(out))  +intent(subroutine)
C-interface f void getRawPtrToInt2d(int * * * arg +intent(out))  +intent(subroutine)
C-interface f int checkInt2d(int * * arg +intent(in))  +intent(function)
C-interface f void DimensionIn(const int * arg +dimension(10,20))  +intent(subroutine)
C-interface f void getAllocToFixedArray(int * * count +deref(allocatable)+dimension(10)+intent(out))  +intent(subroutine)
C-interface f void * returnAddress1(int flag +value)  +intent(function)
C-interface f void * returnAddress2(int flag +value)  +intent(function)
C-interface f void fetchVoidPtr(void * * addr +intent(out))  +intent(subroutine)
C-interface f void updateVoidPtr(void * * addr +intent(inout))  +intent(subroutine)
C-interface f int VoidPtrArray(void * * addr +rank(1))  +intent(function)
C-interface f int * returnIntPtrToScalar(void)  +deref(pointer)+intent(function)
C-interface f int * returnIntPtrToFixedArray(void) +dimension(10)  +api(cdesc)+deref(pointer)+intent(function)
C-interface f const int * returnIntPtrToConstScalar(void)  +deref(pointer)+intent(function)
C-interface f const int * returnIntPtrToFixedConstArray(void) +dimension(10)  +api(cdesc)+deref(pointer)+intent(function)
C-interface f int * returnIntScalar(void) +deref(scalar)  +deref(scalar)+intent(function)
C-interface f int * returnIntRaw(void) +deref(raw)  +deref(raw)+intent(function)
C-interface f int * returnIntRawWithArgs(const char * name) +deref(raw)  +deref(raw)+intent(function)
C-interface f int * * returnRawPtrToInt2d(void)  +intent(function)
C-interface f int * returnIntAllocToFixedArray(void) +deref(allocatable)+dimension(10)  +api(cdesc)+deref(allocatable)+intent(function)
Close wrapfpointers.f
Close utilpointers.c
Close typespointers.h
