Read yaml classes.yaml
Close classes_types.yaml
class Class1
C method Class1(void)
C method Class1(int flag +intent(in)+value)
C method ~Class1(void) +name(delete)
C method int Method1(void)
C method bool equivalent(const Class1 & obj2 +intent(in)) const
C method Class1 * returnThis(void)
C method Class1 * returnThisBuffer(std::string & name +intent(in), bool flag +intent(in)+value)
C method Class1 * returnThisBuffer(std::string & name +intent(in)+len_trim, bool flag +intent(in)+value)
C method Class1 * getclass3(void) const
C method const std::string & getName(void) +deref(allocatable)
C method void getName(const std::string & SHF_rv +context(DSHF_rv)+deref(allocatable)+intent(out))
C method DIRECTION directionFunc(DIRECTION arg +intent(in)+value)
C method int getM_flag(void)
C method int getTest(void)
C method void setTest(int val +intent(in)+value)
Close wrapClass1.h
Close wrapClass1.cpp
class Class2
C method const std::string & getName(void) +deref(allocatable)
C method void getName(const std::string & SHF_rv +context(DSHF_rv)+deref(allocatable)+intent(out))
Close wrapClass2.h
Close wrapClass2.cpp
class Singleton
C method static Singleton & getReference(void)
Close wrapSingleton.h
Close wrapSingleton.cpp
class Shape
C method Shape(void)
C method int get_ivar(void) const
Close wrapShape.h
Close wrapShape.cpp
class Circle
C method Circle(void)
Close wrapCircle.h
Close wrapCircle.cpp
C function Class1::DIRECTION directionFunc(Class1::DIRECTION arg +intent(in)+value)
C function void passClassByValue(Class1 arg +intent(in)+value)
C function int useclass(const Class1 * arg +intent(in))
C function const Class1 * getclass2(void)
C function Class1 * getclass3(void)
C function const Class1 & getConstClassReference(void)
C function Class1 & getClassReference(void)
C function Class1 getClassCopy(int flag +intent(in)+value)
C function void set_global_flag(int arg +intent(in)+value)
C function int get_global_flag(void)
C function const std::string & LastFunctionCalled(void) +deref(result-as-arg)+len(30)
C function void LastFunctionCalled(std::string & SHF_rv +intent(out)+len(NSHF_rv)) +len(30)
Close wrapclasses.h
Close wrapclasses.cpp
Close typesclasses.h
class Class1
C-interface, Fortran method Class1(void)
C-interface, Fortran method Class1(int flag +intent(in)+value)
C-interface, Fortran method ~Class1(void) +name(delete)
C-interface, Fortran method int Method1(void)
C-interface, Fortran method bool equivalent(const Class1 & obj2 +intent(in)) const
C-interface, Fortran method Class1 * returnThis(void)
C-interface, Fortran method Class1 * returnThisBuffer(std::string & name +intent(in), bool flag +intent(in)+value)
C-interface method Class1 * returnThisBuffer(std::string & name +intent(in)+len_trim, bool flag +intent(in)+value)
C-interface, Fortran method Class1 * getclass3(void) const
C-interface, Fortran method const std::string & getName(void) +deref(allocatable)
C-interface method void getName(const std::string & SHF_rv +context(DSHF_rv)+deref(allocatable)+intent(out))
C-interface, Fortran method DIRECTION directionFunc(DIRECTION arg +intent(in)+value)
C-interface, Fortran method int getM_flag(void)
C-interface, Fortran method int getTest(void)
C-interface, Fortran method void setTest(int val +intent(in)+value)
class Class2
C-interface, Fortran method const std::string & getName(void) +deref(allocatable)
C-interface method void getName(const std::string & SHF_rv +context(DSHF_rv)+deref(allocatable)+intent(out))
class Singleton
C-interface, Fortran method static Singleton & getReference(void)
class Shape
C-interface, Fortran method Shape(void)
C-interface, Fortran method int get_ivar(void) const
class Circle
C-interface, Fortran method Circle(void)
C-interface, Fortran function Class1::DIRECTION directionFunc(Class1::DIRECTION arg +intent(in)+value)
C-interface, Fortran function void passClassByValue(Class1 arg +intent(in)+value)
C-interface, Fortran function int useclass(const Class1 * arg +intent(in))
C-interface, Fortran function const Class1 * getclass2(void)
C-interface, Fortran function Class1 * getclass3(void)
C-interface, Fortran function const Class1 & getConstClassReference(void)
C-interface, Fortran function Class1 & getClassReference(void)
C-interface, Fortran function Class1 getClassCopy(int flag +intent(in)+value)
C-interface, Fortran function void set_global_flag(int arg +intent(in)+value)
C-interface, Fortran function int get_global_flag(void)
C-interface, Fortran function const std::string & LastFunctionCalled(void) +deref(result-as-arg)+len(30)
C-interface function void LastFunctionCalled(std::string & SHF_rv +intent(out)+len(NSHF_rv)) +len(30)
Close wrapfclasses.f
Close utilclasses.cpp
class Class1
Python method Class1(void)
Python method Class1(int flag +intent(in)+value)
Python method ~Class1(void) +name(delete)
Python method int Method1(void)
Python method bool equivalent(const Class1 & obj2 +intent(in)) const
Python method Class1 * getclass3(void) const
Python method const std::string & getName(void) +deref(allocatable)
Python method DIRECTION directionFunc(DIRECTION arg +intent(in)+value)
Close pyClass1type.cpp
class Class2
Python method const std::string & getName(void) +deref(allocatable)
Close pyClass2type.cpp
class Singleton
Python method static Singleton & getReference(void)
Close pySingletontype.cpp
class Shape
Python method Shape(void)
Python method int get_ivar(void) const
Close pyShapetype.cpp
class Circle
Python method Circle(void)
Close pyCircletype.cpp
Python function Class1::DIRECTION directionFunc(Class1::DIRECTION arg +intent(in)+value)
Python function void passClassByValue(Class1 arg +intent(in)+value)
Python function int useclass(const Class1 * arg +intent(in))
Python function Class1 * getclass3(void)
Python function Class1 & getClassReference(void)
Python function void set_global_flag(int arg +intent(in)+value)
Python function int get_global_flag(void)
Python function const std::string & LastFunctionCalled(void) +deref(result-as-arg)+len(30)
Close pyclassesmodule.cpp
Close pyclassesutil.cpp
Close pyclassesmodule.hpp
Close setup.py
Lua method Class1(void)
Lua method Class1(int flag +intent(in)+value)
Lua method ~Class1(void) +name(delete)
Lua method int Method1(void)
Lua method const std::string & getName(void) +deref(allocatable)
Lua method DIRECTION directionFunc(DIRECTION arg +intent(in)+value)
Lua method const std::string & getName(void) +deref(allocatable)
Lua method Shape(void)
Lua method int get_ivar(void) const
Lua method Circle(void)
Lua function Class1::DIRECTION directionFunc(Class1::DIRECTION arg +intent(in)+value)
Lua function void set_global_flag(int arg +intent(in)+value)
Lua function int get_global_flag(void)
Lua function const std::string & LastFunctionCalled(void) +deref(result-as-arg)+len(30)
Close luaclassesmodule.hpp
Close luaclassesmodule.cpp
