Read yaml enum.yaml
C c int convert_to_int(enum Color in)
C f int convert_to_int(enum Color in)
C c enum Color returnEnum(enum Color in)
C f enum Color returnEnum(enum Color in)
Close wrapenum.h
Close wrapenum.cpp
Fortran int convert_to_int(enum Color in)
Fortran enum Color returnEnum(enum Color in)
C-interface c int convert_to_int(enum Color in)
C-interface f int convert_to_int(enum Color in)
C-interface c enum Color returnEnum(enum Color in)
C-interface f enum Color returnEnum(enum Color in)
Close wrapfenum.f
Close utilenum.cpp
Close typesenum.h
Python function int convert_to_int(enum Color in)
Python function enum Color returnEnum(enum Color in)
Close pyenummodule.cpp
Close pyenummodule.hpp
Close setup.py
