Read yaml error-generate.yaml
Close error_types.yaml
struct struct1
struct nested
C f int * struct1_get_arg2(struct1 * SH_this +intent(in)) +deref(pointerxx)+dimension(narg2)
C f void struct1_set_arg2(struct1 * SH_this, int * val +intent(in)+rank(1))
Close wraperror.h
Close wraperror.cpp
class struct1
class nested
Fortran int * struct1_get_arg2(struct1 * SH_this +intent(in)) +deref(pointerxx)+dimension(narg2)
Fortran void struct1_set_arg2(struct1 * SH_this, int * val +intent(in)+rank(1))
C-interface f int * struct1_get_arg2(struct1 * SH_this +intent(in)) +deref(pointerxx)+dimension(narg2)
C-interface f void struct1_set_arg2(struct1 * SH_this, int * val +intent(in)+rank(1))
Close wrapferror.f
Close utilerror.cpp
Close typeserror.h
Close pyerrormodule.cpp
Close pyerrormodule.hpp
Close setup.py
