Read yaml tutorial.yaml
Skipping std::string, unable to create C wrapper for function returning ConcatenateStrings instance (must return a pointer or reference). Bufferify version will still be created.
Read splicer ftutorialsplicer.f
C function void NoReturnNoArguments(void)
C function double PassByValue(double arg1 +intent(in)+value, int arg2 +intent(in)+value)
C function void ConcatenateStrings(const std::string & arg1 +intent(in)+len_trim, const std::string & arg2 +intent(in)+len_trim, const std::string * SHF_rv +context(DSHF_rv)+deref(allocatable)+intent(out))
C function double UseDefaultArguments(void)
C function double UseDefaultArguments(double arg1=3.1415 +intent(in)+value)
C function double UseDefaultArguments(double arg1=3.1415 +intent(in)+value, bool arg2=true +intent(in)+value)
C function void OverloadedFunction(const std::string & name +intent(in))
C function void OverloadedFunction(const std::string & name +intent(in)+len_trim)
C function void OverloadedFunction(int indx +intent(in)+value)
C function void TemplateArgument(int arg +intent(in)+value)
C function void TemplateArgument(double arg +intent(in)+value)
C function int TemplateReturn(void)
C function double TemplateReturn(void)
C function void FortranGenericOverloaded(void)
C function void FortranGenericOverloaded(const std::string & name +intent(in), double arg2 +intent(in)+value)
C function void FortranGenericOverloaded(const std::string & name +intent(in)+len_trim, double arg2 +intent(in)+value)
C function int UseDefaultOverload(int num +intent(in)+value)
C function int UseDefaultOverload(int num +intent(in)+value, int offset=0 +intent(in)+value)
C function int UseDefaultOverload(int num +intent(in)+value, int offset=0 +intent(in)+value, int stride=1 +intent(in)+value)
C function int UseDefaultOverload(double type +intent(in)+value, int num +intent(in)+value)
C function int UseDefaultOverload(double type +intent(in)+value, int num +intent(in)+value, int offset=0 +intent(in)+value)
C function int UseDefaultOverload(double type +intent(in)+value, int num +intent(in)+value, int offset=0 +intent(in)+value, int stride=1 +intent(in)+value)
C function TypeID typefunc(TypeID arg +intent(in)+value)
C function EnumTypeID enumfunc(EnumTypeID arg +intent(in)+value)
C function Color colorfunc(Color arg +intent(in)+value)
C function void getMinMax(int & min +intent(out), int & max +intent(out))
C function int callback1(int in +intent(in)+value, int ( * incr)(int +value) +intent(in)+value)
C function const std::string & LastFunctionCalled(void) +deref(result-as-arg)+len(30)
C function void LastFunctionCalled(std::string & SHF_rv +intent(out)+len(NSHF_rv)) +len(30)
Close wrapTutorial.h
Close wrapTutorial.cpp
Close typesTutorial.h
Fortran void NoReturnNoArguments(void)
Fortran double PassByValue(double arg1 +intent(in)+value, int arg2 +intent(in)+value)
Fortran const std::string ConcatenateStrings(const std::string & arg1 +intent(in), const std::string & arg2 +intent(in)) +deref(allocatable)
Fortran double UseDefaultArguments(void)
Fortran double UseDefaultArguments(double arg1=3.1415 +intent(in)+value)
Fortran double UseDefaultArguments(double arg1=3.1415 +intent(in)+value, bool arg2=true +intent(in)+value)
Fortran void OverloadedFunction(const std::string & name +intent(in))
Fortran void OverloadedFunction(int indx +intent(in)+value)
Fortran void TemplateArgument(int arg +intent(in)+value)
Fortran void TemplateArgument(double arg +intent(in)+value)
Fortran int TemplateReturn(void)
Fortran double TemplateReturn(void)
Fortran void FortranGenericOverloaded(void)
Fortran void FortranGenericOverloaded(const std::string & name +intent(in), float arg2 +intent(in)+value)
Fortran void FortranGenericOverloaded(const std::string & name +intent(in), double arg2 +intent(in)+value)
Fortran int UseDefaultOverload(int num +intent(in)+value)
Fortran int UseDefaultOverload(int num +intent(in)+value, int offset=0 +intent(in)+value)
Fortran int UseDefaultOverload(int num +intent(in)+value, int offset=0 +intent(in)+value, int stride=1 +intent(in)+value)
Fortran int UseDefaultOverload(double type +intent(in)+value, int num +intent(in)+value)
Fortran int UseDefaultOverload(double type +intent(in)+value, int num +intent(in)+value, int offset=0 +intent(in)+value)
Fortran int UseDefaultOverload(double type +intent(in)+value, int num +intent(in)+value, int offset=0 +intent(in)+value, int stride=1 +intent(in)+value)
Fortran TypeID typefunc(TypeID arg +intent(in)+value)
Fortran EnumTypeID enumfunc(EnumTypeID arg +intent(in)+value)
Fortran Color colorfunc(Color arg +intent(in)+value)
Fortran void getMinMax(int & min +intent(out), int & max +intent(out))
Fortran int callback1(int in +intent(in)+value, int ( * incr)(int +value) +intent(in)+value)
Fortran const std::string & LastFunctionCalled(void) +deref(result-as-arg)+len(30)
C-interface void NoReturnNoArguments(void)
C-interface double PassByValue(double arg1 +intent(in)+value, int arg2 +intent(in)+value)
C-interface void ConcatenateStrings(const std::string & arg1 +intent(in)+len_trim, const std::string & arg2 +intent(in)+len_trim, const std::string * SHF_rv +context(DSHF_rv)+deref(allocatable)+intent(out))
C-interface double UseDefaultArguments(void)
C-interface double UseDefaultArguments(double arg1=3.1415 +intent(in)+value)
C-interface double UseDefaultArguments(double arg1=3.1415 +intent(in)+value, bool arg2=true +intent(in)+value)
C-interface void OverloadedFunction(const std::string & name +intent(in))
C-interface void OverloadedFunction(const std::string & name +intent(in)+len_trim)
C-interface void OverloadedFunction(int indx +intent(in)+value)
C-interface void TemplateArgument(int arg +intent(in)+value)
C-interface void TemplateArgument(double arg +intent(in)+value)
C-interface int TemplateReturn(void)
C-interface double TemplateReturn(void)
C-interface void FortranGenericOverloaded(void)
C-interface void FortranGenericOverloaded(const std::string & name +intent(in), double arg2 +intent(in)+value)
C-interface void FortranGenericOverloaded(const std::string & name +intent(in)+len_trim, double arg2 +intent(in)+value)
C-interface int UseDefaultOverload(int num +intent(in)+value)
C-interface int UseDefaultOverload(int num +intent(in)+value, int offset=0 +intent(in)+value)
C-interface int UseDefaultOverload(int num +intent(in)+value, int offset=0 +intent(in)+value, int stride=1 +intent(in)+value)
C-interface int UseDefaultOverload(double type +intent(in)+value, int num +intent(in)+value)
C-interface int UseDefaultOverload(double type +intent(in)+value, int num +intent(in)+value, int offset=0 +intent(in)+value)
C-interface int UseDefaultOverload(double type +intent(in)+value, int num +intent(in)+value, int offset=0 +intent(in)+value, int stride=1 +intent(in)+value)
C-interface TypeID typefunc(TypeID arg +intent(in)+value)
C-interface EnumTypeID enumfunc(EnumTypeID arg +intent(in)+value)
C-interface Color colorfunc(Color arg +intent(in)+value)
C-interface void getMinMax(int & min +intent(out), int & max +intent(out))
C-interface int callback1(int in +intent(in)+value, int ( * incr)(int +value) +intent(in)+value)
C-interface const std::string & LastFunctionCalled(void) +deref(result-as-arg)+len(30)
C-interface void LastFunctionCalled(std::string & SHF_rv +intent(out)+len(NSHF_rv)) +len(30)
Close wrapftutorial.f
Close utilTutorial.cpp
Python function void NoReturnNoArguments(void)
Python function double PassByValue(double arg1 +intent(in)+value, int arg2 +intent(in)+value)
Python function const std::string ConcatenateStrings(const std::string & arg1 +intent(in), const std::string & arg2 +intent(in)) +deref(allocatable)
Python function double UseDefaultArguments(double arg1=3.1415 +intent(in)+value, bool arg2=true +intent(in)+value)
Python function void OverloadedFunction(const std::string & name +intent(in))
Python function void OverloadedFunction(int indx +intent(in)+value)
Python function void TemplateArgument(int arg +intent(in)+value)
Python function void TemplateArgument(double arg +intent(in)+value)
Python function void FortranGenericOverloaded(void)
Python function void FortranGenericOverloaded(const std::string & name +intent(in), double arg2 +intent(in)+value)
Python function int UseDefaultOverload(int num +intent(in)+value, int offset=0 +intent(in)+value, int stride=1 +intent(in)+value)
Python function int UseDefaultOverload(double type +intent(in)+value, int num +intent(in)+value, int offset=0 +intent(in)+value, int stride=1 +intent(in)+value)
Python function TypeID typefunc(TypeID arg +intent(in)+value)
Python function EnumTypeID enumfunc(EnumTypeID arg +intent(in)+value)
Python function Color colorfunc(Color arg +intent(in)+value)
Python function void getMinMax(int & min +intent(out), int & max +intent(out))
Python function const std::string & LastFunctionCalled(void) +deref(result-as-arg)+len(30)
Close pyTutorialmodule.cpp
Close pyTutorialmodule.hpp
Close setup.py
Lua function void NoReturnNoArguments(void)
Lua function double PassByValue(double arg1 +intent(in)+value, int arg2 +intent(in)+value)
Lua function const std::string ConcatenateStrings(const std::string & arg1 +intent(in), const std::string & arg2 +intent(in)) +deref(allocatable)
Lua function double UseDefaultArguments(double arg1=3.1415 +intent(in)+value, bool arg2=true +intent(in)+value)
Lua function double UseDefaultArguments(double arg1=3.1415 +intent(in)+value, bool arg2=true +intent(in)+value)
Lua function double UseDefaultArguments(double arg1=3.1415 +intent(in)+value, bool arg2=true +intent(in)+value)
Lua function void OverloadedFunction(const std::string & name +intent(in))
Lua function void OverloadedFunction(int indx +intent(in)+value)
Lua function void TemplateArgument(int arg +intent(in)+value)
Lua function void TemplateArgument(double arg +intent(in)+value)
Lua function void FortranGenericOverloaded(void)
Lua function void FortranGenericOverloaded(const std::string & name +intent(in), double arg2 +intent(in)+value)
Lua function int UseDefaultOverload(int num +intent(in)+value, int offset=0 +intent(in)+value, int stride=1 +intent(in)+value)
Lua function int UseDefaultOverload(int num +intent(in)+value, int offset=0 +intent(in)+value, int stride=1 +intent(in)+value)
Lua function int UseDefaultOverload(double type +intent(in)+value, int num +intent(in)+value, int offset=0 +intent(in)+value, int stride=1 +intent(in)+value)
Lua function int UseDefaultOverload(int num +intent(in)+value, int offset=0 +intent(in)+value, int stride=1 +intent(in)+value)
Lua function int UseDefaultOverload(double type +intent(in)+value, int num +intent(in)+value, int offset=0 +intent(in)+value, int stride=1 +intent(in)+value)
Lua function int UseDefaultOverload(double type +intent(in)+value, int num +intent(in)+value, int offset=0 +intent(in)+value, int stride=1 +intent(in)+value)
Lua function TypeID typefunc(TypeID arg +intent(in)+value)
Lua function EnumTypeID enumfunc(EnumTypeID arg +intent(in)+value)
Lua function Color colorfunc(Color arg +intent(in)+value)
Lua function const std::string & LastFunctionCalled(void) +deref(result-as-arg)+len(30)
Close luaTutorialmodule.hpp
Close luaTutorialmodule.cpp
