Read yaml generic.yaml
C function void UpdateAsFloat(float arg +intent(in)+value)
C function void UpdateAsDouble(double arg +intent(in)+value)
C function double GetGlobalDouble(void)
C function void GenericReal(double arg +intent(in)+value)
C function long GenericReal2(long arg1 +intent(in)+value, long arg2 +intent(in)+value)
C function int SumValues(const int * values +dimension(..)+intent(in), int nvalues +intent(in)+value)
C function int SumValues(const int * values +dimension(..)+intent(in), int nvalues +intent(in)+value)
C function void AssignValues(const int * from +intent(in), int nfrom +intent(in)+value, int * to +intent(inout), int nto +intent(in)+value)
C function void AssignValues(const int * from +intent(in), int nfrom +intent(in)+value, int * to +intent(inout)+rank(1), int nto +intent(in)+value)
C function void AssignValues(const int * from +intent(in)+rank(1), int nfrom +intent(in)+value, int * to +intent(inout)+rank(1), int nto +intent(in)+value)
C function void SavePointer(void * addr +intent(in)+value, int type +intent(in)+value, size_t size +implied(size(addr))+intent(in)+value)
C function void SavePointer2(void * addr +intent(in)+value, int type +implied(type(addr))+intent(in)+value, size_t size +implied(size(addr))+intent(in)+value)
C function void GetPointer(void * * addr +intent(out), int * type +intent(out), size_t * size +intent(out))
C function void GetPointerAsPointer(void * * addr +context(FIXME)+intent(out), int * type +hidden+intent(out), size_t * size +hidden+intent(out))
Close wrapgeneric.h
Close wrapgeneric.c
Close typesgeneric.h
Fortran void UpdateAsFloat(float arg +intent(in)+value)
Fortran void UpdateAsDouble(double arg +intent(in)+value)
Fortran double GetGlobalDouble(void)
Fortran void GenericReal(float arg +intent(in)+value)
Fortran void GenericReal(double arg +intent(in)+value)
Fortran long GenericReal2(int arg1 +intent(in)+value, int arg2 +intent(in)+value)
Fortran long GenericReal2(long arg1 +intent(in)+value, long arg2 +intent(in)+value)
Fortran int SumValues(const int * values +dimension(..)+intent(in), int nvalues +intent(in)+value)
Fortran void AssignValues(const int * from +intent(in), int nfrom +intent(in)+value, int * to +intent(inout), int nto +intent(in)+value)
Fortran void AssignValues(const int * from +intent(in), int nfrom +intent(in)+value, int * to +intent(inout)+rank(1), int nto +intent(in)+value)
Fortran void AssignValues(const int * from +intent(in)+rank(1), int nfrom +intent(in)+value, int * to +intent(inout)+rank(1), int nto +intent(in)+value)
Fortran void SavePointer(float * addr +deref(raw)+intent(in)+rank(1), int type +implied(T_FLOAT)+intent(in)+value, size_t size +implied(size(addr))+intent(in)+value)
Fortran void SavePointer(float * addr +deref(raw)+intent(in)+rank(2), int type +implied(T_FLOAT)+intent(in)+value, size_t size +implied(size(addr))+intent(in)+value)
Fortran void SavePointer2(float * addr +deref(raw)+intent(in)+rank(1), int type +implied(type(addr))+intent(in)+value, size_t size +implied(size(addr))+intent(in)+value)
Fortran void SavePointer2(float * addr +deref(raw)+intent(in)+rank(2), int type +implied(type(addr))+intent(in)+value, size_t size +implied(size(addr))+intent(in)+value)
Fortran void GetPointer(void * * addr +intent(out), int * type +intent(out), size_t * size +intent(out))
Fortran void GetPointerAsPointer(float * * addr +deref(pointer)+intent(out)+rank(1), int * type +hidden+intent(out), size_t * size +hidden+intent(out))
Fortran void GetPointerAsPointer(float * * addr +deref(pointer)+intent(out)+rank(2), int * type +hidden+intent(out), size_t * size +hidden+intent(out))
C-interface void UpdateAsFloat(float arg +intent(in)+value)
C-interface void UpdateAsDouble(double arg +intent(in)+value)
C-interface double GetGlobalDouble(void)
C-interface void GenericReal(double arg +intent(in)+value)
C-interface long GenericReal2(long arg1 +intent(in)+value, long arg2 +intent(in)+value)
C-interface int SumValues(const int * values +dimension(..)+intent(in), int nvalues +intent(in)+value)
C-interface int SumValues(const int * values +dimension(..)+intent(in), int nvalues +intent(in)+value)
C-interface void AssignValues(const int * from +intent(in), int nfrom +intent(in)+value, int * to +intent(inout), int nto +intent(in)+value)
C-interface void AssignValues(const int * from +intent(in), int nfrom +intent(in)+value, int * to +intent(inout)+rank(1), int nto +intent(in)+value)
C-interface void AssignValues(const int * from +intent(in)+rank(1), int nfrom +intent(in)+value, int * to +intent(inout)+rank(1), int nto +intent(in)+value)
C-interface void SavePointer(void * addr +intent(in)+value, int type +intent(in)+value, size_t size +implied(size(addr))+intent(in)+value)
C-interface void SavePointer2(void * addr +intent(in)+value, int type +implied(type(addr))+intent(in)+value, size_t size +implied(size(addr))+intent(in)+value)
C-interface void GetPointer(void * * addr +intent(out), int * type +intent(out), size_t * size +intent(out))
C-interface void GetPointerAsPointer(void * * addr +context(FIXME)+intent(out), int * type +hidden+intent(out), size_t * size +hidden+intent(out))
Close wrapfgeneric.f
