Read yaml generic.yaml
C void UpdateAsFloat(float arg +value) 
C void UpdateAsDouble(double arg +value) 
C double GetGlobalDouble(void)  +intent(result)
C void GenericReal(double arg +value) 
C long GenericReal2(long arg1 +value, long arg2 +value)  +intent(result)
C int SumValues(const int * values, int nvalues +value)  +intent(result)
C int SumValues(const int * values +rank(1), int nvalues +value)  +intent(result)
C void AssignValues(const int * from, int nfrom +value, int * to, int nto +value) 
C void AssignValues(const int * from, int nfrom +value, int * to +rank(1), int nto +value) 
C void AssignValues(const int * from +rank(1), int nfrom +value, int * to +rank(1), int nto +value) 
C void SavePointer(void * addr +value, int type +value, size_t size +implied(size(addr))+value) 
C void SavePointer2(void * addr +value, int type +implied(type(addr))+value, size_t size +implied(size(addr))+value) 
C void GetPointer(void * * addr +intent(out), int * type +intent(out), size_t * size +intent(out)) 
C void GetPointerAsPointer(void * * addr +intent(out), int * type +hidden+intent(out), size_t * size +hidden+intent(out)) 
Close wrapgeneric.h
Close wrapgeneric.c
Close typesgeneric.h
Fortran void UpdateAsFloat(float arg +value) 
Fortran void UpdateAsDouble(double arg +value) 
Fortran double GetGlobalDouble(void)  +intent(result)
Fortran void GenericReal(float arg +value) 
Fortran void GenericReal(double arg +value) 
Fortran long GenericReal2(int arg1 +value, int arg2 +value)  +intent(result)
Fortran long GenericReal2(long arg1 +value, long arg2 +value)  +intent(result)
Fortran int SumValues(const int * values +rank(0), int nvalues +value)  +intent(result)
Fortran int SumValues(const int * values +rank(1), int nvalues +value)  +intent(result)
Fortran int SumValues(const int * values +rank(2), int nvalues +value)  +intent(result)
Fortran void AssignValues(const int * from, int nfrom +value, int * to, int nto +value) 
Fortran void AssignValues(const int * from, int nfrom +value, int * to +rank(1), int nto +value) 
Fortran void AssignValues(const int * from +rank(1), int nfrom +value, int * to +rank(1), int nto +value) 
Fortran void SavePointer(float * addr +deref(raw)+intent(in)+rank(1), int type +implied(T_FLOAT)+value, size_t size +implied(size(addr))+value) 
Fortran void SavePointer(float * addr +deref(raw)+intent(in)+rank(2), int type +implied(T_FLOAT)+value, size_t size +implied(size(addr))+value) 
Fortran void SavePointer2(float * addr +deref(raw)+intent(in)+rank(1), int type +implied(type(addr))+value, size_t size +implied(size(addr))+value) 
Fortran void SavePointer2(float * addr +deref(raw)+intent(in)+rank(2), int type +implied(type(addr))+value, size_t size +implied(size(addr))+value) 
Fortran void GetPointer(void * * addr +intent(out), int * type +intent(out), size_t * size +intent(out)) 
Fortran void GetPointerAsPointer(float * * addr +deref(pointer)+intent(out)+rank(1), int * type +hidden+intent(out), size_t * size +hidden+intent(out)) 
Fortran void GetPointerAsPointer(float * * addr +deref(pointer)+intent(out)+rank(2), int * type +hidden+intent(out), size_t * size +hidden+intent(out)) 
C-interface void UpdateAsFloat(float arg +value) 
C-interface void UpdateAsDouble(double arg +value) 
C-interface double GetGlobalDouble(void)  +intent(result)
C-interface void GenericReal(double arg +value) 
C-interface long GenericReal2(long arg1 +value, long arg2 +value)  +intent(result)
C-interface int SumValues(const int * values, int nvalues +value)  +intent(result)
C-interface int SumValues(const int * values +rank(1), int nvalues +value)  +intent(result)
C-interface void AssignValues(const int * from, int nfrom +value, int * to, int nto +value) 
C-interface void AssignValues(const int * from, int nfrom +value, int * to +rank(1), int nto +value) 
C-interface void AssignValues(const int * from +rank(1), int nfrom +value, int * to +rank(1), int nto +value) 
C-interface void SavePointer(void * addr +value, int type +value, size_t size +implied(size(addr))+value) 
C-interface void SavePointer2(void * addr +value, int type +implied(type(addr))+value, size_t size +implied(size(addr))+value) 
C-interface void GetPointer(void * * addr +intent(out), int * type +intent(out), size_t * size +intent(out)) 
C-interface void GetPointerAsPointer(void * * addr +intent(out), int * type +hidden+intent(out), size_t * size +hidden+intent(out)) 
Close wrapfgeneric.f
