Read yaml forward.yaml
Close forward_types.yaml
class Class3
class Class2
C c Class2(void)  +api(capptr)+intent(ctor)
C f Class2(void)  +api(capptr)+intent(ctor)
C c ~Class2(void)  +intent(dtor)
C f ~Class2(void)  +intent(dtor)
C c void func1(tutorial::Class1 * arg +intent(in))  +intent(subroutine)
C f void func1(tutorial::Class1 * arg +intent(in))  +intent(subroutine)
C c void acceptClass3(Class3 * arg +intent(in))  +intent(subroutine)
C f void acceptClass3(Class3 * arg +intent(in))  +intent(subroutine)
Close wrapClass2.h
Close wrapClass2.cpp
C c int passStruct1(const Cstruct1 * arg)  +intent(function)
C f int passStruct1(const Cstruct1 * arg)  +intent(function)
Close wrapforward.h
Close wrapforward.cpp
class Class3
class Class2
Fortran Class2(void)  +api(capptr)+intent(ctor)
Fortran ~Class2(void)  +intent(dtor)
Fortran void func1(tutorial::Class1 * arg +intent(in))  +intent(subroutine)
Fortran void acceptClass3(Class3 * arg +intent(in))  +intent(subroutine)
C-interface f Class2(void)  +api(capptr)+intent(ctor)
C-interface f ~Class2(void)  +intent(dtor)
C-interface f void func1(tutorial::Class1 * arg +intent(in))  +intent(subroutine)
C-interface f void acceptClass3(Class3 * arg +intent(in))  +intent(subroutine)
Fortran int passStruct1(const Cstruct1 * arg)  +intent(function)
C-interface f int passStruct1(const Cstruct1 * arg)  +intent(function)
Close wrapfforward.f
Close utilforward.cpp
Close typesforward.h
class Class3
Close pyClass3type.cpp
class Class2
Python method Class2(void)
Python method ~Class2(void)
Python method void func1(tutorial::Class1 * arg +intent(in))
Python method void acceptClass3(Class3 * arg +intent(in))
Close pyClass2type.cpp
Close pyforwardmodule.cpp
Close pyforwardutil.cpp
Close pyforwardmodule.hpp
Close setup.py
Lua method Class2(void)
Lua method ~Class2(void)
Lua method void func1(tutorial::Class1 * arg +intent(in))
Lua method void acceptClass3(Class3 * arg +intent(in))
Close luaforwardmodule.hpp
Close luaforwardmodule.cpp
