Read yaml ownership.yaml
Close ownership_types.yaml
class Class1
C ~Class1(void) 
C int getFlag(void) 
Close wrapClass1.h
Close wrapClass1.cpp
C int * ReturnIntPtrRaw(void) +deref(raw)  +deref(raw)+intent(result)
C int * ReturnIntPtrScalar(void) +deref(scalar)  +deref(scalar)+intent(result)
C int * ReturnIntPtrPointer(void) +deref(pointer)  +deref(pointer)+intent(result)
C int * ReturnIntPtrPointer(void) +deref(pointer)  +deref(pointer)+intent(result)
C int * ReturnIntPtrDimRaw(int * len +intent(out)) +deref(raw)  +deref(raw)+intent(result)
C int * ReturnIntPtrDimPointer(int * len +hidden+intent(out)) +deref(pointer)+dimension(len)  +deref(pointer)+intent(result)
C int * ReturnIntPtrDimPointer(int * len +hidden+intent(out)) +deref(pointer)+dimension(len)  +deref(pointer)+intent(result)
C int * ReturnIntPtrDimAlloc(int * len +hidden+intent(out)) +deref(allocatable)+dimension(len)  +deref(allocatable)+intent(result)
C int * ReturnIntPtrDimAlloc(int * len +hidden+intent(out)) +deref(allocatable)+dimension(len)  +deref(allocatable)+intent(result)
C int * ReturnIntPtrDimDefault(int * len +hidden+intent(out)) +dimension(len)  +deref(pointer)+intent(result)
C int * ReturnIntPtrDimDefault(int * len +hidden+intent(out)) +dimension(len)  +deref(pointer)+intent(result)
C int * ReturnIntPtrDimRawNew(int * len +hidden+intent(out)) +dimension(len)+owner(caller)  +deref(pointer)+intent(result)
C int * ReturnIntPtrDimPointerNew(int * len +hidden+intent(out)) +deref(pointer)+dimension(len)+owner(caller)  +deref(pointer)+intent(result)
C int * ReturnIntPtrDimPointerNew(int * len +hidden+intent(out)) +deref(pointer)+dimension(len)+owner(caller)  +deref(pointer)+intent(result)
C int * ReturnIntPtrDimAllocNew(int * len +hidden+intent(out)) +deref(allocatable)+dimension(len)+owner(caller)  +deref(allocatable)+intent(result)
C int * ReturnIntPtrDimDefaultNew(int * len +hidden+intent(out)) +dimension(len)+owner(caller)  +deref(pointer)+intent(result)
C int * ReturnIntPtrDimDefaultNew(int * len +hidden+intent(out)) +dimension(len)+owner(caller)  +deref(pointer)+intent(result)
C void createClassStatic(int flag +value) 
C Class1 * getClassStatic(void) +owner(library)  +intent(result)
C Class1 * getClassNew(int flag +value) +owner(caller)  +intent(result)
Close wrapownership.h
Close wrapownership.cpp
Close typesownership.h
class Class1
Fortran ~Class1(void) 
Fortran int getFlag(void) 
C-interface ~Class1(void) 
C-interface int getFlag(void) 
Fortran int * ReturnIntPtrScalar(void) +deref(scalar)  +deref(scalar)+intent(result)
Fortran int * ReturnIntPtrPointer(void) +deref(pointer)  +deref(pointer)+intent(result)
Fortran int * ReturnIntPtrDimPointer(int * len +hidden+intent(out)) +deref(pointer)+dimension(len)  +deref(pointer)+intent(result)
Fortran int * ReturnIntPtrDimAlloc(int * len +hidden+intent(out)) +deref(allocatable)+dimension(len)  +deref(allocatable)+intent(result)
Fortran int * ReturnIntPtrDimDefault(int * len +hidden+intent(out)) +dimension(len)  +deref(pointer)+intent(result)
Fortran int * ReturnIntPtrDimPointerNew(int * len +hidden+intent(out)) +deref(pointer)+dimension(len)+owner(caller)  +deref(pointer)+intent(result)
Fortran int * ReturnIntPtrDimDefaultNew(int * len +hidden+intent(out)) +dimension(len)+owner(caller)  +deref(pointer)+intent(result)
Fortran void createClassStatic(int flag +value) 
Fortran Class1 * getClassStatic(void) +owner(library)  +intent(result)
Fortran Class1 * getClassNew(int flag +value) +owner(caller)  +intent(result)
C-interface int * ReturnIntPtrRaw(void) +deref(raw)  +deref(raw)+intent(result)
C-interface int * ReturnIntPtrScalar(void) +deref(scalar)  +deref(scalar)+intent(result)
C-interface int * ReturnIntPtrPointer(void) +deref(pointer)  +deref(pointer)+intent(result)
C-interface int * ReturnIntPtrPointer(void) +deref(pointer)  +deref(pointer)+intent(result)
C-interface int * ReturnIntPtrDimRaw(int * len +intent(out)) +deref(raw)  +deref(raw)+intent(result)
C-interface int * ReturnIntPtrDimPointer(int * len +hidden+intent(out)) +deref(pointer)+dimension(len)  +deref(pointer)+intent(result)
C-interface int * ReturnIntPtrDimPointer(int * len +hidden+intent(out)) +deref(pointer)+dimension(len)  +deref(pointer)+intent(result)
C-interface int * ReturnIntPtrDimAlloc(int * len +hidden+intent(out)) +deref(allocatable)+dimension(len)  +deref(allocatable)+intent(result)
C-interface int * ReturnIntPtrDimAlloc(int * len +hidden+intent(out)) +deref(allocatable)+dimension(len)  +deref(allocatable)+intent(result)
C-interface int * ReturnIntPtrDimDefault(int * len +hidden+intent(out)) +dimension(len)  +deref(pointer)+intent(result)
C-interface int * ReturnIntPtrDimDefault(int * len +hidden+intent(out)) +dimension(len)  +deref(pointer)+intent(result)
C-interface int * ReturnIntPtrDimRawNew(int * len +hidden+intent(out)) +dimension(len)+owner(caller)  +deref(pointer)+intent(result)
C-interface int * ReturnIntPtrDimPointerNew(int * len +hidden+intent(out)) +deref(pointer)+dimension(len)+owner(caller)  +deref(pointer)+intent(result)
C-interface int * ReturnIntPtrDimPointerNew(int * len +hidden+intent(out)) +deref(pointer)+dimension(len)+owner(caller)  +deref(pointer)+intent(result)
C-interface int * ReturnIntPtrDimAllocNew(int * len +hidden+intent(out)) +deref(allocatable)+dimension(len)+owner(caller)  +deref(allocatable)+intent(result)
C-interface int * ReturnIntPtrDimDefaultNew(int * len +hidden+intent(out)) +dimension(len)+owner(caller)  +deref(pointer)+intent(result)
C-interface int * ReturnIntPtrDimDefaultNew(int * len +hidden+intent(out)) +dimension(len)+owner(caller)  +deref(pointer)+intent(result)
C-interface void createClassStatic(int flag +value) 
C-interface Class1 * getClassStatic(void) +owner(library)  +intent(result)
C-interface Class1 * getClassNew(int flag +value) +owner(caller)  +intent(result)
Close wrapfownership.f
Close utilownership.cpp
class Class1
Python method ~Class1(void)
Close pyClass1type.cpp
Python function int * ReturnIntPtrScalar(void) +deref(scalar)
Python function int * ReturnIntPtrPointer(void) +deref(pointer)
Python function int * ReturnIntPtrDimPointer(int * len +hidden+intent(out)) +deref(pointer)+dimension(len)
Python function int * ReturnIntPtrDimAlloc(int * len +hidden+intent(out)) +deref(allocatable)+dimension(len)
Python function int * ReturnIntPtrDimDefault(int * len +hidden+intent(out)) +dimension(len)
Python function int * ReturnIntPtrDimPointerNew(int * len +hidden+intent(out)) +deref(pointer)+dimension(len)+owner(caller)
Python function int * ReturnIntPtrDimAllocNew(int * len +hidden+intent(out)) +deref(allocatable)+dimension(len)+owner(caller)
Python function int * ReturnIntPtrDimDefaultNew(int * len +hidden+intent(out)) +dimension(len)+owner(caller)
Python function void createClassStatic(int flag +value)
Python function Class1 * getClassStatic(void) +owner(library)
Python function Class1 * getClassNew(int flag +value) +owner(caller)
Close pyownershipmodule.cpp
Close pyownershiputil.cpp
Close pyownershipmodule.hpp
Close setup.py
Lua method ~Class1(void)
Close luaownershipmodule.hpp
Close luaownershipmodule.cpp
