Read yaml references.yaml
Close references_types.yaml
class ArrayWrapper
C method ArrayWrapper()
C method void setSize(int size +intent(in)+value)
C method int getSize() const
C method void allocate()
C method double * getArray() +dimension(getSize())
Close wrapArrayWrapper.h
Close wrapArrayWrapper.cpp
Close wrapreferences.cpp
Close typesreferences.h
class ArrayWrapper
C-interface, Fortran method ArrayWrapper()
C-interface, Fortran method void setSize(int size +intent(in)+value)
C-interface, Fortran method int getSize() const
C-interface, Fortran method void allocate()
C-interface, Fortran method double * getArray() +dimension(getSize())
Close wrapfreferences.f
Close utilreferences.cpp
class ArrayWrapper
Python method ArrayWrapper()
Python method void setSize(int size +intent(in)+value)
Python method int getSize() const
Python method void allocate()
Python method double * getArray() +dimension(getSize())
Close pyArrayWrappertype.cpp
Close pyreferencesmodule.cpp
Close pyreferencesutil.cpp
Close pyreferencesmodule.hpp
Close setup.py
