Read yaml pointers.yaml
C c void intargs_in(const int * arg)  +intent(subroutine)
C c void intargs_inout(int * arg)  +intent(subroutine)
C c void intargs_out(int * arg +intent(out))  +intent(subroutine)
C c void intargs(const int argin +intent(in)+value, int * arginout +intent(inout), int * argout +intent(out))  +intent(subroutine)
C c void cos_doubles(double * in +intent(in)+rank(1), double * out +dimension(size(in))+intent(out), int sizein +implied(size(in))+value)  +intent(subroutine)
C c void truncate_to_int(double * in +intent(in)+rank(1), int * out +dimension(size(in))+intent(out), int sizein +implied(size(in))+value)  +intent(subroutine)
C c void get_values(int * nvalues +intent(OUT), int * values +dimension(3)+intent(out))  +intent(subroutine)
C c void get_values2(int * arg1 +dimension(3)+intent(out), int * arg2 +dimension(3)+intent(out))  +intent(subroutine)
C c void iota_dimension(int nvar +value, int * values +dimension(nvar)+intent(out))  +intent(subroutine)
C c void Sum(int len +implied(size(values))+value, const int * values +rank(1), int * result +intent(out))  +intent(subroutine)
C c void fillIntArray(int * out +dimension(3)+intent(out))  +intent(subroutine)
C c void incrementIntArray(int * array +intent(inout)+rank(1), int sizein +implied(size(array))+value)  +intent(subroutine)
C c void fill_with_zeros(double * x +rank(1), int x_length +implied(size(x))+value)  +intent(subroutine)
C c int accumulate(const int * arr +rank(1), size_t len +implied(size(arr))+value)  +intent(function)
C c int acceptCharArrayIn(char * * names +intent(in)+rank(1))  +intent(function)
C c void setGlobalInt(int value +value)  +intent(subroutine)
C c int sumFixedArray(void)  +intent(function)
C c void getPtrToScalar(int * * nitems +intent(out))  +intent(subroutine)
C c void getPtrToFixedArray(int * * count +dimension(10)+intent(out))  +intent(subroutine)
C c void getPtrToDynamicArray(int * * count +dimension(ncount)+intent(out), int * ncount +hidden+intent(out))  +intent(subroutine)
C c void getPtrToFuncArray(int * * count +dimension(getLen())+intent(out))  +intent(subroutine)
C c void getPtrToConstScalar(const int * * nitems +intent(out))  +intent(subroutine)
C c void getPtrToFixedConstArray(const int * * count +dimension(10)+intent(out))  +intent(subroutine)
C c void getPtrToDynamicConstArray(const int * * count +dimension(ncount)+intent(out), int * ncount +hidden+intent(out))  +intent(subroutine)
C c void getRawPtrToScalar(int * * nitems +deref(raw)+intent(out))  +intent(subroutine)
C c void getRawPtrToScalarForce(int * * nitems +deref(raw)+intent(out))  +intent(subroutine)
C c void getRawPtrToFixedArray(int * * count +deref(raw)+intent(out))  +intent(subroutine)
C c void getRawPtrToFixedArrayForce(int * * count +deref(raw)+intent(out))  +intent(subroutine)
C c void getRawPtrToInt2d(int * * * arg +intent(out))  +intent(subroutine)
C c int checkInt2d(int * * arg +intent(in))  +intent(function)
C c void DimensionIn(const int * arg +dimension(10,20))  +intent(subroutine)
C c void getAllocToFixedArray(int * * count +deref(allocatable)+dimension(10)+intent(out))  +intent(subroutine)
C c void * returnAddress1(int flag +value)  +intent(function)
C c void * returnAddress2(int flag +value)  +intent(function)
C c void fetchVoidPtr(void * * addr +intent(out))  +intent(subroutine)
C c void updateVoidPtr(void * * addr +intent(inout))  +intent(subroutine)
C c int VoidPtrArray(void * * addr +rank(1))  +intent(function)
C c int * returnIntPtrToScalar(void)  +deref(pointer)+intent(function)
C c int * returnIntPtrToFixedArray(void) +dimension(10)  +deref(pointer)+intent(function)
C c const int * returnIntPtrToConstScalar(void)  +deref(pointer)+intent(function)
C c const int * returnIntPtrToFixedConstArray(void) +dimension(10)  +deref(pointer)+intent(function)
C c int * returnIntScalar(void) +deref(scalar)  +deref(scalar)+intent(function)
C c int * returnIntRaw(void) +deref(raw)  +deref(raw)+intent(function)
C c int * returnIntRawWithArgs(const char * name) +deref(raw)  +deref(raw)+intent(function)
C c int * * returnRawPtrToInt2d(void)  +intent(function)
C c int * returnIntAllocToFixedArray(void) +deref(allocatable)+dimension(10)  +deref(allocatable)+intent(function)
Close utilpointers.c
Close typespointers.h
