Read yaml pointers.yaml
Python function void intargs_in(const int * arg)
Python function void intargs_inout(int * arg)
Python function void intargs_out(int * arg +intent(out))
Python function void intargs(const int argin +intent(in), int * arginout +intent(inout), int * argout +intent(out))
Python function void cos_doubles(double * in +intent(in)+rank(1), double * out +dimension(size(in))+intent(out), int sizein +implied(size(in)))
Python function void truncate_to_int(double * in +intent(in)+rank(1), int * out +dimension(size(in))+intent(out), int sizein +implied(size(in)))
Python function void get_values(int * nvalues +intent(OUT), int * values +dimension(3)+intent(out))
Python function void get_values2(int * arg1 +dimension(3)+intent(out), int * arg2 +dimension(3)+intent(out))
Python function void iota_dimension(int nvar, int * values +dimension(nvar)+intent(out))
Python function void Sum(int len +implied(size(values)), const int * values +rank(1), int * result +intent(out))
Python function void fillIntArray(int * out +dimension(3)+intent(out))
Python function void incrementIntArray(int * array +intent(inout)+rank(1), int sizein +implied(size(array)))
Python function void fill_with_zeros(double * x +rank(1), int x_length +implied(size(x)))
Python function int accumulate(const int * arr +rank(1), size_t len +implied(size(arr)))
Python function int acceptCharArrayIn(char * * names +intent(in))
Python function void setGlobalInt(int value)
Python function int sumFixedArray(void)
Python function void getPtrToFixedArray(int * * count +dimension(10)+intent(out))
Python function void getPtrToDynamicArray(int * * count +dimension(ncount)+intent(out), int * ncount +hidden+intent(out))
Python function void getPtrToFuncArray(int * * count +dimension(getLen())+intent(out))
Python function void getPtrToFixedConstArray(const int * * count +dimension(10)+intent(out))
Python function void getPtrToDynamicConstArray(const int * * count +dimension(ncount)+intent(out), int * ncount +hidden+intent(out))
Python function void getRawPtrToScalar(int * * nitems +deref(raw)+intent(out))
Python function void getRawPtrToFixedArray(int * * count +deref(raw)+intent(out))
Python function void * returnAddress1(int flag)
Python function void * returnAddress2(int flag)
Python function void fetchVoidPtr(void * * addr +intent(out))
Python function int * returnIntPtrToScalar(void)
Python function int * returnIntPtrToFixedArray(void) +dimension(10)
Python function const int * returnIntPtrToConstScalar(void)
Python function const int * returnIntPtrToFixedConstArray(void) +dimension(10)
Python function int * returnIntScalar(void) +deref(scalar)
Close pypointersmodule.cpp
Close pypointersmodule.hpp
Close setup.py
