Read yaml pointers.yaml
Python function void intargs(const int argin +intent(in)+value, int * arginout +intent(inout), int * argout +intent(out))
Python function void cos_doubles(double * in +intent(in)+rank(1), double * out +deref(allocatable)+dimension(size(in))+intent(out), int sizein +implied(size(in))+intent(in)+value)
Python function void truncate_to_int(double * in +intent(in)+rank(1), int * out +deref(allocatable)+dimension(size(in))+intent(out), int sizein +implied(size(in))+intent(in)+value)
Python function void get_values(int * nvalues +intent(out), int * values +dimension(3)+intent(out))
Python function void get_values2(int * arg1 +dimension(3)+intent(out), int * arg2 +dimension(3)+intent(out))
Python function void iota_allocatable(int nvar +intent(in)+value, int * values +deref(allocatable)+dimension(nvar)+intent(out))
Python function void iota_dimension(int nvar +intent(in)+value, int * values +dimension(nvar)+intent(out))
Python function void Sum(int len +implied(size(values))+intent(in)+value, int * values +intent(in)+rank(1), int * result +intent(out))
Python function void fillIntArray(int * out +dimension(3)+intent(out))
Python function void incrementIntArray(int * array +intent(inout)+rank(1), int sizein +implied(size(array))+intent(in)+value)
Python function void acceptCharArrayIn(char * * names +intent(in)+rank(1))
Python function void setGlobalInt(int value +intent(in)+value)
Python function int sumFixedArray()
Python function void getPtrToFixedArray(int * * count +deref(pointer)+dimension(10)+intent(out))
Python function void getPtrToDynamicArray(int * * count +deref(pointer)+dimension(ncount)+intent(out), int * ncount +hidden+intent(out))
Python function void getPtrToFuncArray(int * * count +deref(pointer)+dimension(getLen())+intent(out))
Python function void getPtrToFixedConstArray(const int * * count +deref(pointer)+dimension(10)+intent(out))
Python function void getPtrToDynamicConstArray(const int * * count +deref(pointer)+dimension(ncount)+intent(out), int * ncount +hidden+intent(out))
Python function void getRawPtrToScalar(int * * nitems +deref(raw)+intent(out))
Python function void getRawPtrToFixedArray(int * * count +deref(raw)+intent(out))
Python function void * returnAddress1(int flag +intent(in)+value)
Python function void * returnAddress2(int flag +intent(in)+value)
Python function void fetchVoidPtr(void * * addr +intent(out))
Python function int * returnIntPtrToScalar()
Python function int * returnIntPtrToFixedArray() +dimension(10)
Python function const int * returnIntPtrToConstScalar()
Python function const int * returnIntPtrToFixedConstArray() +dimension(10)
Python function int * returnIntScalar() +deref(scalar)
Close pypointersmodule.c
Close pypointersmodule.h
Close setup.py
