Read yaml clibrary.yaml
Close clibrary_types.yaml
C c void NoReturnNoArguments(void)  +intent(subroutine)
C f void NoReturnNoArguments(void)  +intent(subroutine)
C c double PassByValue(double arg1 +value, int arg2 +value)  +intent(function)
C f double PassByValue(double arg1 +value, int arg2 +value)  +intent(function)
C c void PassByReference(double * arg1 +intent(in), int * arg2 +intent(out))  +intent(subroutine)
C f void PassByReference(double * arg1 +intent(in), int * arg2 +intent(out))  +intent(subroutine)
C c double PassByValueMacro(int arg2 +value)  +intent(function)
C f double PassByValueMacro(int arg2 +value)  +intent(function)
C c void checkBool(const bool arg1 +value, bool * arg2 +intent(out), bool * arg3 +intent(inout))  +intent(subroutine)
C f void checkBool(const bool arg1 +value, bool * arg2 +intent(out), bool * arg3 +intent(inout))  +intent(subroutine)
C c char * Function4a(const char * arg1, const char * arg2) +len(30)  +deref(copy)+intent(function)
C f char * Function4a(const char * arg1, const char * arg2) +len(30)  +api(buf)+deref(copy)+intent(function)
C c void acceptName(const char * name)  +intent(subroutine)
C f void acceptName(const char * name)  +intent(subroutine)
C c void passCharPtrInOut(char * s +intent(inout))  +intent(subroutine)
C f void passCharPtrInOut(char * s +intent(inout))  +intent(subroutine)
C c void returnOneName(char * name1 +charlen(MAXNAME)+intent(out))  +intent(subroutine)
C f void returnOneName(char * name1 +charlen(MAXNAME)+intent(out))  +intent(subroutine)
C c void returnTwoNames(char * name1 +charlen(MAXNAME)+intent(out), char * name2 +charlen(MAXNAME)+intent(out))  +intent(subroutine)
C f void returnTwoNames(char * name1 +charlen(MAXNAME)+intent(out), char * name2 +charlen(MAXNAME)+intent(out))  +intent(subroutine)
C c void ImpliedTextLen(char * text +charlen(MAXNAME)+intent(out), int ltext +implied(len(text))+value)  +intent(subroutine)
C f void ImpliedTextLen(char * text +charlen(MAXNAME)+intent(out), int ltext +implied(len(text))+value)  +intent(subroutine)
C c int ImpliedLen(const char * text, int ltext +implied(len(text))+value, bool flag +implied(false)+value)  +intent(function)
C f int ImpliedLen(const char * text, int ltext +implied(len(text))+value, bool flag +implied(false)+value)  +intent(function)
C c int ImpliedLenTrim(const char * text, int ltext +implied(len_trim(text))+value, bool flag +implied(true)+value)  +intent(function)
C f int ImpliedLenTrim(const char * text, int ltext +implied(len_trim(text))+value, bool flag +implied(true)+value)  +intent(function)
C c bool ImpliedBoolTrue(bool flag +implied(true)+value)  +intent(function)
C f bool ImpliedBoolTrue(bool flag +implied(true)+value)  +intent(function)
C c bool ImpliedBoolFalse(bool flag +implied(false)+value)  +intent(function)
C f bool ImpliedBoolFalse(bool flag +implied(false)+value)  +intent(function)
C c void bindC1(void)  +intent(subroutine)
C f void bindC1(void)  +intent(subroutine)
C c void bindC2(char * outbuf +intent(out))  +intent(subroutine)
C f void bindC2(char * outbuf +intent(out))  +intent(subroutine)
C c void passVoidStarStar(void * in +intent(in)+value, void * * out +intent(out))  +intent(subroutine)
C f void passVoidStarStar(void * in +intent(in)+value, void * * out +intent(out))  +intent(subroutine)
C c int passAssumedType(void * arg +assumedtype)  +intent(function)
C f int passAssumedType(void * arg +assumedtype)  +intent(function)
C c void passAssumedTypeDim(void * arg +assumedtype+rank(1))  +intent(subroutine)
C f void passAssumedTypeDim(void * arg +assumedtype+rank(1))  +intent(subroutine)
C c int passAssumedTypeBuf(void * arg +assumedtype, char * outbuf +intent(out))  +intent(function)
C f int passAssumedTypeBuf(void * arg +assumedtype, char * outbuf +intent(out))  +intent(function)
C c void callback1(int type +value, void ( * incr)(void) +external+value)  +intent(subroutine)
C f void callback1(int type +value, void ( * incr)(void) +external+value)  +intent(subroutine)
C c void callback1a(int type +value, void ( * incr)(void) +external+value)  +intent(subroutine)
C f void callback1a(int type +value, void ( * incr)(void) +external+value)  +intent(subroutine)
C c void callback2(int type +value, void * in +assumedtype, void ( * incr)(int *) +external+value)  +intent(subroutine)
C f void callback2(int type +value, void * in +assumedtype, void ( * incr)(int *) +external+value)  +intent(subroutine)
C c void callback3(const char * type, void * in +assumedtype, void ( * incr)(int *) +external+value, char * outbuf +intent(out))  +intent(subroutine)
C f void callback3(const char * type, void * in +assumedtype, void ( * incr)(int *) +external+value, char * outbuf +intent(out))  +intent(subroutine)
C c void callback_set_alloc(int tc +value, array_info * arr +intent(inout), void ( * alloc)(int tc +intent(in)+value, array_info * arr +intent(inout)) +value)  +intent(subroutine)
C f void callback_set_alloc(int tc +value, array_info * arr +intent(inout), void ( * alloc)(int tc +intent(in)+value, array_info * arr +intent(inout)) +value)  +intent(subroutine)
Close wrapClibrary.h
Close wrapClibrary.c
class array_info
typedef TypeID
typedef EnumTypeID
Fortran void NoReturnNoArguments(void)  +intent(subroutine)
Fortran double PassByValue(double arg1 +value, int arg2 +value)  +intent(function)
Fortran void PassByReference(double * arg1 +intent(in), int * arg2 +intent(out))  +intent(subroutine)
Fortran double PassByValueMacro(int arg2 +value)  +intent(function)
Fortran void checkBool(const bool arg1 +value, bool * arg2 +intent(out), bool * arg3 +intent(inout))  +intent(subroutine)
Fortran char * Function4a(const char * arg1, const char * arg2) +len(30)  +api(buf)+deref(copy)+intent(function)
Fortran void acceptName(const char * name)  +intent(subroutine)
Fortran void passCharPtrInOut(char * s +intent(inout))  +intent(subroutine)
Fortran void returnOneName(char * name1 +charlen(MAXNAME)+intent(out))  +intent(subroutine)
Fortran void returnTwoNames(char * name1 +charlen(MAXNAME)+intent(out), char * name2 +charlen(MAXNAME)+intent(out))  +intent(subroutine)
Fortran void ImpliedTextLen(char * text +charlen(MAXNAME)+intent(out), int ltext +implied(len(text))+value)  +intent(subroutine)
Fortran int ImpliedLen(const char * text, int ltext +implied(len(text))+value, bool flag +implied(false)+value)  +intent(function)
Fortran int ImpliedLenTrim(const char * text, int ltext +implied(len_trim(text))+value, bool flag +implied(true)+value)  +intent(function)
Fortran bool ImpliedBoolTrue(bool flag +implied(true)+value)  +intent(function)
Fortran bool ImpliedBoolFalse(bool flag +implied(false)+value)  +intent(function)
Fortran void bindC1(void)  +intent(subroutine)
Fortran void bindC2(char * outbuf +intent(out))  +intent(subroutine)
Fortran void passVoidStarStar(void * in +intent(in)+value, void * * out +intent(out))  +intent(subroutine)
Fortran int passAssumedType(void * arg +assumedtype)  +intent(function)
Fortran void passAssumedTypeDim(void * arg +assumedtype+rank(1))  +intent(subroutine)
Fortran int passAssumedTypeBuf(void * arg +assumedtype, char * outbuf +intent(out))  +intent(function)
Fortran void callback1(int type +value, void ( * incr)(void) +external+value)  +intent(subroutine)
Fortran void callback1a(int type +value, void ( * incr)(void) +external+value)  +intent(subroutine)
Fortran void callback2(int type +value, void * in +assumedtype, void ( * incr)(int *) +external+value)  +intent(subroutine)
Fortran void callback3(const char * type, void * in +assumedtype, void ( * incr)(int *) +external+value, char * outbuf +intent(out))  +intent(subroutine)
Fortran void callback_set_alloc(int tc +value, array_info * arr +intent(inout), void ( * alloc)(int tc +intent(in)+value, array_info * arr +intent(inout)) +value)  +intent(subroutine)
C-interface f void NoReturnNoArguments(void)  +intent(subroutine)
C-interface f double PassByValue(double arg1 +value, int arg2 +value)  +intent(function)
C-interface f void PassByReference(double * arg1 +intent(in), int * arg2 +intent(out))  +intent(subroutine)
C-interface f double PassByValueMacro(int arg2 +value)  +intent(function)
C-interface f void checkBool(const bool arg1 +value, bool * arg2 +intent(out), bool * arg3 +intent(inout))  +intent(subroutine)
C-interface c char * Function4a(const char * arg1, const char * arg2) +len(30)  +deref(copy)+intent(function)
C-interface f char * Function4a(const char * arg1, const char * arg2) +len(30)  +api(buf)+deref(copy)+intent(function)
C-interface f void acceptName(const char * name)  +intent(subroutine)
C-interface c void passCharPtrInOut(char * s +intent(inout))  +intent(subroutine)
C-interface f void passCharPtrInOut(char * s +intent(inout))  +intent(subroutine)
C-interface c void returnOneName(char * name1 +charlen(MAXNAME)+intent(out))  +intent(subroutine)
C-interface f void returnOneName(char * name1 +charlen(MAXNAME)+intent(out))  +intent(subroutine)
C-interface c void returnTwoNames(char * name1 +charlen(MAXNAME)+intent(out), char * name2 +charlen(MAXNAME)+intent(out))  +intent(subroutine)
C-interface f void returnTwoNames(char * name1 +charlen(MAXNAME)+intent(out), char * name2 +charlen(MAXNAME)+intent(out))  +intent(subroutine)
C-interface c void ImpliedTextLen(char * text +charlen(MAXNAME)+intent(out), int ltext +implied(len(text))+value)  +intent(subroutine)
C-interface f void ImpliedTextLen(char * text +charlen(MAXNAME)+intent(out), int ltext +implied(len(text))+value)  +intent(subroutine)
C-interface f int ImpliedLen(const char * text, int ltext +implied(len(text))+value, bool flag +implied(false)+value)  +intent(function)
C-interface f int ImpliedLenTrim(const char * text, int ltext +implied(len_trim(text))+value, bool flag +implied(true)+value)  +intent(function)
C-interface f bool ImpliedBoolTrue(bool flag +implied(true)+value)  +intent(function)
C-interface f bool ImpliedBoolFalse(bool flag +implied(false)+value)  +intent(function)
C-interface f void bindC1(void)  +intent(subroutine)
C-interface c void bindC2(char * outbuf +intent(out))  +intent(subroutine)
C-interface f void bindC2(char * outbuf +intent(out))  +intent(subroutine)
C-interface f void passVoidStarStar(void * in +intent(in)+value, void * * out +intent(out))  +intent(subroutine)
C-interface f int passAssumedType(void * arg +assumedtype)  +intent(function)
C-interface f void passAssumedTypeDim(void * arg +assumedtype+rank(1))  +intent(subroutine)
C-interface c int passAssumedTypeBuf(void * arg +assumedtype, char * outbuf +intent(out))  +intent(function)
C-interface f int passAssumedTypeBuf(void * arg +assumedtype, char * outbuf +intent(out))  +intent(function)
C-interface f void callback1(int type +value, void ( * incr)(void) +external+value)  +intent(subroutine)
C-interface f void callback1a(int type +value, void ( * incr)(void) +external+value)  +intent(subroutine)
C-interface f void callback2(int type +value, void * in +assumedtype, void ( * incr)(int *) +external+value)  +intent(subroutine)
C-interface c void callback3(const char * type, void * in +assumedtype, void ( * incr)(int *) +external+value, char * outbuf +intent(out))  +intent(subroutine)
C-interface f void callback3(const char * type, void * in +assumedtype, void ( * incr)(int *) +external+value, char * outbuf +intent(out))  +intent(subroutine)
C-interface f void callback_set_alloc(int tc +value, array_info * arr +intent(inout), void ( * alloc)(int tc +intent(in)+value, array_info * arr +intent(inout)) +value)  +intent(subroutine)
Close wrapfclibrary.f
Close utilClibrary.c
Close typesClibrary.h
Python function void NoReturnNoArguments(void)
Python function double PassByValue(double arg1 +value, int arg2 +value)
Python function void PassByReference(double * arg1 +intent(in), int * arg2 +intent(out))
Python function double PassByValueMacro(int arg2 +value)
Python function void checkBool(const bool arg1 +value, bool * arg2 +intent(out), bool * arg3 +intent(inout))
Python function char * Function4a(const char * arg1, const char * arg2) +len(30)
Python function void acceptName(const char * name)
Python function void passCharPtrInOut(char * s +intent(inout))
Python function void returnOneName(char * name1 +charlen(MAXNAME)+intent(out))
Python function void returnTwoNames(char * name1 +charlen(MAXNAME)+intent(out), char * name2 +charlen(MAXNAME)+intent(out))
Python function void ImpliedTextLen(char * text +charlen(MAXNAME)+intent(out), int ltext +implied(len(text))+value)
Python function int ImpliedLen(const char * text, int ltext +implied(len(text))+value, bool flag +implied(false)+value)
Python function int ImpliedLenTrim(const char * text, int ltext +implied(len_trim(text))+value, bool flag +implied(true)+value)
Python function bool ImpliedBoolTrue(bool flag +implied(true)+value)
Python function bool ImpliedBoolFalse(bool flag +implied(false)+value)
Close pyClibrarymodule.c
Close pyClibrarymodule.h
Close setup.py
