Read yaml cxxlibrary.yaml
Close cxxlibrary_types.yaml
struct Cstruct1
C function int passStructByReference(Cstruct1 & arg +intent(inout))
C function int passStructByReferenceIn(const Cstruct1 & arg +intent(in))
C function void passStructByReferenceInout(Cstruct1 & arg +intent(inout))
C function void passStructByReferenceOut(Cstruct1 & arg +intent(out))
Close wrapcxxlibrary_structns.h
Close wrapcxxlibrary_structns.cpp
C function bool defaultPtrIsNULL(void)
C function bool defaultPtrIsNULL(double * data=nullptr +intent(in)+rank(1))
C function void defaultArgsInOut(int in1 +intent(in)+value, int * out1 +intent(out), int * out2 +intent(out))
C function void defaultArgsInOut(int in1 +intent(in)+value, int * out1 +intent(out), int * out2 +intent(out), bool flag=false +intent(in)+value)
Close wrapcxxlibrary.h
Close wrapcxxlibrary.cpp
Close typescxxlibrary.h
Fortran bool defaultPtrIsNULL(void)
Fortran bool defaultPtrIsNULL(double * data=nullptr +intent(in)+rank(1))
Fortran void defaultArgsInOut(int in1 +intent(in)+value, int * out1 +intent(out), int * out2 +intent(out))
Fortran void defaultArgsInOut(int in1 +intent(in)+value, int * out1 +intent(out), int * out2 +intent(out), bool flag=false +intent(in)+value)
C-interface bool defaultPtrIsNULL(void)
C-interface bool defaultPtrIsNULL(double * data=nullptr +intent(in)+rank(1))
C-interface void defaultArgsInOut(int in1 +intent(in)+value, int * out1 +intent(out), int * out2 +intent(out))
C-interface void defaultArgsInOut(int in1 +intent(in)+value, int * out1 +intent(out), int * out2 +intent(out), bool flag=false +intent(in)+value)
class Cstruct1
Fortran int passStructByReference(Cstruct1 & arg +intent(inout))
Fortran int passStructByReferenceIn(const Cstruct1 & arg +intent(in))
Fortran void passStructByReferenceInout(Cstruct1 & arg +intent(inout))
Fortran void passStructByReferenceOut(Cstruct1 & arg +intent(out))
C-interface int passStructByReference(Cstruct1 & arg +intent(inout))
C-interface int passStructByReferenceIn(const Cstruct1 & arg +intent(in))
C-interface void passStructByReferenceInout(Cstruct1 & arg +intent(inout))
C-interface void passStructByReferenceOut(Cstruct1 & arg +intent(out))
Close wrapfcxxlibrary_structns.f
Close wrapfcxxlibrary.f
Python function int passStructByReference(Cstruct1 & arg +intent(inout))
Python function int passStructByReferenceIn(const Cstruct1 & arg +intent(in))
Python function void passStructByReferenceInout(Cstruct1 & arg +intent(inout))
Python function void passStructByReferenceOut(Cstruct1 & arg +intent(out))
Close pycxxlibrary_structnsmodule.cpp
class Cstruct1_cls
Python method Cstruct1_cls(int ifield +intent(in), double dfield +intent(in)) +name(Cstruct1_cls_ctor)
Close pyCstruct1_clstype.cpp
Python function int passStructByReferenceCls(Cstruct1_cls & arg +intent(inout))
Python function int passStructByReferenceInCls(const Cstruct1_cls & arg +intent(in))
Python function void passStructByReferenceInoutCls(Cstruct1_cls & arg +intent(inout))
Python function void passStructByReferenceOutCls(Cstruct1_cls & arg +intent(out))
Python function bool defaultPtrIsNULL(double * data=nullptr +intent(in)+rank(1))
Python function void defaultArgsInOut(int in1 +intent(in)+value, int * out1 +intent(out), int * out2 +intent(out), bool flag=false +intent(in)+value)
Close pycxxlibrarymodule.cpp
Close pycxxlibraryutil.cpp
Close pycxxlibrarymodule.hpp
Close setup.py
