Read yaml names.yaml
Close testnames_types.yaml
Close wraptestnames_ns0_inner.cc
class Names
C method Names(void) +name(defaultctor)
C method void method1(void)
C method void method2(void)
Close foo.h
Close foo.cpp
Close foons0.cpp
C function void init_ns1(void)
Close wraptestnames_ns1.hh
Close wraptestnames_ns1.cc
class ImplWorker1
class vector
class vector
class vector
class vector
class Class1
C method void Member1(void)
Close wrapCAPI_Class1.hh
Close wrapCAPI_Class1.cc
C function void Worker1(void)
Close wraptestnames_CAPI.hh
Close wraptestnames_CAPI.cc
class Names2
Close wrapNames2.cc
class twoTs
class twoTs
class Cstruct_as_class
class Cstruct_as_subclass
C function void getName(char * name +len(worklen)+len_trim(worktrim))
C function void getName(char * name +len(worklen)+len_trim(worktrim))
C function void function1(void)
C function void function2(void)
C function void function3a(int i +value)
C function void function3a(long i +value)
C function int function4(const std::string & rv)
C function int function4(const std::string & rv +len_trim)
C function void function5(void) +name(fiveplus)
C function void TestMultilineSplicer(std::string & name, int * value +intent(out))
C function void TestMultilineSplicer(std::string & name +len+len_trim, int * value +intent(out))
C function void FunctionTU(int arg1 +value, long arg2 +value)
C function void FunctionTU(float arg1 +value, double arg2 +value)
C function int UseImplWorker(void)
C function int Cstruct_as_class_sum(const Cstruct_as_class * point +pass)
Close top.h
Close top.cpp
Close typestestnames.hh
class Names2
class twoTs
class twoTs
class Cstruct_as_class
class Cstruct_as_subclass
Fortran void getName(char * name +len(worklen)+len_trim(worktrim))
Fortran void function1(void)
Fortran void function2(void)
Fortran void function3a(int i +value)
Fortran void function3a(long i +value)
Fortran int function4(const std::string & rv)
Fortran void function5(void) +name(fiveplus)
Fortran void TestMultilineSplicer(std::string & name, int * value +intent(out))
Fortran void FunctionTU(int arg1 +value, long arg2 +value)
Fortran void FunctionTU(float arg1 +value, double arg2 +value)
Fortran int UseImplWorker(void)
Fortran int Cstruct_as_class_sum(const Cstruct_as_class * point +pass)
C-interface void getName(char * name +len(worklen)+len_trim(worktrim))
C-interface void getName(char * name +len(worklen)+len_trim(worktrim))
C-interface void function1(void)
C-interface void function2(void)
C-interface void function3a(int i +value)
C-interface void function3a(long i +value)
C-interface int function4(const std::string & rv)
C-interface int function4(const std::string & rv +len_trim)
C-interface void function5(void) +name(fiveplus)
C-interface void TestMultilineSplicer(std::string & name, int * value +intent(out))
C-interface void TestMultilineSplicer(std::string & name +len+len_trim, int * value +intent(out))
C-interface void FunctionTU(int arg1 +value, long arg2 +value)
C-interface void FunctionTU(float arg1 +value, double arg2 +value)
C-interface int UseImplWorker(void)
C-interface int Cstruct_as_class_sum(const Cstruct_as_class * point +pass)
class Names
Fortran Names(void) +name(defaultctor)
Fortran void method1(void)
Fortran void method2(void)
C-interface Names(void) +name(defaultctor)
C-interface void method1(void)
C-interface void method2(void)
Close wrapftestnames_ns0_inner.F
Close foo.f
Fortran void init_ns1(void)
C-interface void init_ns1(void)
Close wrapftestnames_ns1.F
Close wrapftestnames_internal.F
class vector
class vector
class vector
class vector
Close wrapftestnames_std.F
class Class1
Fortran void Member1(void)
C-interface void Member1(void)
Fortran void Worker1(void)
C-interface void Worker1(void)
Close wrapftestnames_CAPI.F
Close top.f
Close pytestnames_ns0_innermodule.cpp
class Names
Python method Names(void) +name(defaultctor)
Python method void method1(void)
Python method void method2(void)
Close pyns0_Namestype.cpp
Close pytestnames_ns0module.cpp
Python function void init_ns1(void)
Close pytestnames_ns1module.cpp
Close pytestnames_internalmodule.cpp
class vector
Close pystd_vector_inttype.cpp
class vector
Close pystd_vector_doubletype.cpp
class vector
Close pystd_vector_instantiation5type.cpp
class vector
Close pystd_vector_instantiation3type.cpp
Close pytestnames_stdmodule.cpp
class Names2
Close pyNames2type.cpp
class twoTs
Close pytwoTs_0type.cpp
class twoTs
Close pytwoTs_instantiation4type.cpp
Python function void getName(char * name +len(worklen)+len_trim(worktrim))
Python function void function1(void)
Python function void function2(void)
Python function void function3a(int i +value)
Python function void function3a(long i +value)
Python function int function4(const std::string & rv)
Python function void function5(void) +name(fiveplus)
Python function void TestMultilineSplicer(std::string & name, int * value +intent(out))
Python function void FunctionTU(int arg1 +value, long arg2 +value)
Python function void FunctionTU(float arg1 +value, double arg2 +value)
Python function int UseImplWorker(void)
Python function int Cstruct_as_class_sum(const Cstruct_as_class * point +pass)
Close pytestnamesmodule.cpp
Close pytestnamesutil.cpp
Close pytestnamesmodule.hpp
Close setup.py
