Read yaml typemap.yaml
Close typemap_types.yaml
C c bool passIndex(IndexType i1 +value, IndexType * i2 +intent(out))
C f bool passIndex(int32_t i1 +value, IndexType * i2 +intent(out))
C f bool passIndex(int64_t i1 +value, IndexType * i2 +intent(out))
C c void passIndex2(IndexType i1 +value)
C f void passIndex2(int32_t i1 +value)
C f void passIndex2(int64_t i1 +value)
C c void passFloat(FloatType f1 +value)
C f void passFloat(float f1 +value)
C f void passFloat(double f1 +value)
Close wraptypemap.h
Close wraptypemap.cpp
Fortran bool passIndex(int32_t i1 +value, IndexType * i2 +intent(out))
Fortran bool passIndex(int64_t i1 +value, IndexType * i2 +intent(out))
Fortran void passIndex2(int32_t i1 +value)
Fortran void passIndex2(int64_t i1 +value)
Fortran void passFloat(float f1 +value)
Fortran void passFloat(double f1 +value)
C-interface c bool passIndex(IndexType i1 +value, IndexType * i2 +intent(out))
C-interface f bool passIndex(int32_t i1 +value, IndexType * i2 +intent(out))
C-interface f bool passIndex(int64_t i1 +value, IndexType * i2 +intent(out))
C-interface c void passIndex2(IndexType i1 +value)
C-interface f void passIndex2(int32_t i1 +value)
C-interface f void passIndex2(int64_t i1 +value)
C-interface c void passFloat(FloatType f1 +value)
C-interface f void passFloat(float f1 +value)
C-interface f void passFloat(double f1 +value)
Close wrapftypemap.f
Close utiltypemap.cpp
Close typestypemap.h
