Read yaml overload.yaml
Close overload_types.yaml
C void apply(IndexType num_elems +value)  +intent(subroutine)
C void apply(IndexType num_elems +value, IndexType offset=0 +value)  +intent(subroutine)
C void apply(IndexType num_elems +value, IndexType offset=0 +value, IndexType stride=1 +value)  +intent(subroutine)
C void apply(TypeID type +value, IndexType num_elems +value)  +intent(subroutine)
C void apply(TypeID type +value, IndexType num_elems +value, IndexType offset=0 +value)  +intent(subroutine)
C void apply(TypeID type +value, IndexType num_elems +value, IndexType offset=0 +value, IndexType stride=1 +value)  +intent(subroutine)
Close wrapoverload.h
Close wrapoverload.cpp
Fortran void apply(IndexType num_elems +value)  +intent(subroutine)
Fortran void apply(IndexType num_elems +value, IndexType offset=0 +value)  +intent(subroutine)
Fortran void apply(IndexType num_elems +value, IndexType offset=0 +value, IndexType stride=1 +value)  +intent(subroutine)
Fortran void apply(TypeID type +value, IndexType num_elems +value)  +intent(subroutine)
Fortran void apply(TypeID type +value, IndexType num_elems +value, IndexType offset=0 +value)  +intent(subroutine)
Fortran void apply(TypeID type +value, IndexType num_elems +value, IndexType offset=0 +value, IndexType stride=1 +value)  +intent(subroutine)
C-interface void apply(IndexType num_elems +value)  +intent(subroutine)
C-interface void apply(IndexType num_elems +value, IndexType offset=0 +value)  +intent(subroutine)
C-interface void apply(IndexType num_elems +value, IndexType offset=0 +value, IndexType stride=1 +value)  +intent(subroutine)
C-interface void apply(TypeID type +value, IndexType num_elems +value)  +intent(subroutine)
C-interface void apply(TypeID type +value, IndexType num_elems +value, IndexType offset=0 +value)  +intent(subroutine)
C-interface void apply(TypeID type +value, IndexType num_elems +value, IndexType offset=0 +value, IndexType stride=1 +value)  +intent(subroutine)
Close wrapfoverload.f
Close utiloverload.cpp
Close typesoverload.h
