Read yaml error.yaml
Close error_types.yaml
class Cstruct_as_subclass
C f int get_x1(void)  +intent(getter)
C f void set_x1(int val +intent(in)+value)  +intent(setter)
C f int get_y1(void)  +intent(getter)
C f void set_y1(int val +intent(in)+value)  +intent(setter)
C f int get_z1(void)  +intent(getter)
C f void set_z1(int val +intent(in)+value)  +intent(setter)
Close wrapCstruct_as_subclass.h
Close wrapCstruct_as_subclass.cpp
C c void BadFstatements(void)  +intent(subroutine)
C f void BadFstatements(void)  +intent(subroutine)
C c void AssumedRank(int * data)  +intent(subroutine)
C f void AssumedRank(int * data +rank(0))  +intent(subroutine)
C f void AssumedRank(int * data +rank(1))  +intent(subroutine)
C f void AssumedRank(int * data +rank(2))  +intent(subroutine)
Close wraperror.h
Close wraperror.cpp
class Cstruct_as_subclass
Fortran int get_x1(void)  +intent(getter)
Fortran void set_x1(int val +intent(in)+value)  +intent(setter)
Fortran int get_y1(void)  +intent(getter)
Fortran void set_y1(int val +intent(in)+value)  +intent(setter)
Fortran int get_z1(void)  +intent(getter)
Fortran void set_z1(int val +intent(in)+value)  +intent(setter)
C-interface f int get_x1(void)  +intent(getter)
C-interface f void set_x1(int val +intent(in)+value)  +intent(setter)
C-interface f int get_y1(void)  +intent(getter)
C-interface f void set_y1(int val +intent(in)+value)  +intent(setter)
C-interface f int get_z1(void)  +intent(getter)
C-interface f void set_z1(int val +intent(in)+value)  +intent(setter)
Fortran void BadFstatements(void)  +intent(subroutine)
Fortran void AssumedRank(int * data +rank(0))  +intent(subroutine)
Fortran void AssumedRank(int * data +rank(1))  +intent(subroutine)
Fortran void AssumedRank(int * data +rank(2))  +intent(subroutine)
C-interface f void BadFstatements(void)  +intent(subroutine)
C-interface c void AssumedRank(int * data)  +intent(subroutine)
C-interface f void AssumedRank(int * data +rank(0))  +intent(subroutine)
C-interface f void AssumedRank(int * data +rank(1))  +intent(subroutine)
C-interface f void AssumedRank(int * data +rank(2))  +intent(subroutine)
Close wrapferror.f
Close utilerror.cpp
Close typeserror.h
Python function void BadFstatements(void)
Python function void AssumedRank(int * data)
Close pyerrormodule.cpp
Close pyerrormodule.hpp
Close setup.py
