Read yaml preprocess.yaml
Close preprocess_types.yaml
class User1
C method void method1(void)
C method void method2(void)
C method void method3def(void)
C method void method3def(int i=0 +intent(in)+value)
Close wrapUser1.h
Close wrapUser1.cpp
class User2
C method void exfunc(void)
C method void exfunc(int flag +intent(in)+value)
Close wrapUser2.h
Close wrapUser2.cpp
Close wrappreprocess.cpp
Close typespreprocess.h
class User1
C-interface, Fortran method void method1(void)
C-interface, Fortran method void method2(void)
C-interface, Fortran method void method3def(void)
C-interface, Fortran method void method3def(int i=0 +intent(in)+value)
class User2
C-interface, Fortran method void exfunc(void)
C-interface, Fortran method void exfunc(int flag +intent(in)+value)
Close wrapfpreprocess.f
class User1
Python method void method1(void)
Python method void method2(void)
Python method void method3def(int i=0 +intent(in)+value)
Close pyUser1type.cpp
class User2
Python method void exfunc(void)
Python method void exfunc(int flag +intent(in)+value)
Close pyUser2type.cpp
Close pypreprocessmodule.cpp
Close pypreprocessutil.cpp
Close pypreprocessmodule.hpp
Close setup.py
