Read yaml pointers.yaml
C void intargs_in(const int * arg) 
C void intargs_inout(int * arg) 
C void intargs_out(int * arg +intent(out)) 
C void intargs(const int argin +intent(in)+value, int * arginout +intent(inout), int * argout +intent(out)) 
C void cos_doubles(double * in +intent(in)+rank(1), double * out +deref(allocatable)+dimension(size(in))+intent(out), int sizein +implied(size(in))+value) 
C void truncate_to_int(double * in +intent(in)+rank(1), int * out +deref(allocatable)+dimension(size(in))+intent(out), int sizein +implied(size(in))+value) 
C void get_values(int * nvalues +intent(OUT), int * values +dimension(3)+intent(out)) 
C void get_values2(int * arg1 +dimension(3)+intent(out), int * arg2 +dimension(3)+intent(out)) 
C void iota_allocatable(int nvar +value, int * values +deref(allocatable)+dimension(nvar)+intent(out)) 
C void iota_dimension(int nvar +value, int * values +dimension(nvar)+intent(out)) 
C void Sum(int len +implied(size(values))+value, const int * values +rank(1), int * result +intent(out)) 
C void fillIntArray(int * out +dimension(3)+intent(out)) 
C void incrementIntArray(int * array +intent(inout)+rank(1), int sizein +implied(size(array))+value) 
C void fill_with_zeros(double * x +rank(1), int x_length +implied(size(x))+value) 
C int accumulate(const int * arr +rank(1), size_t len +implied(size(arr))+value)  +intent(function)
C int acceptCharArrayIn(char * * names +intent(in)+rank(1))  +intent(function)
C int acceptCharArrayIn(char * * names +intent(in)+len+rank(1)+size)  +intent(function)
C void setGlobalInt(int value +value) 
C int sumFixedArray(void)  +intent(function)
C void getPtrToScalar(int * * nitems +intent(out)) 
C void getPtrToScalar(int * * nitems +context+intent(out)) 
C void getPtrToFixedArray(int * * count +dimension(10)+intent(out)) 
C void getPtrToFixedArray(int * * count +context+dimension(10)+intent(out)) 
C void getPtrToDynamicArray(int * * count +dimension(ncount)+intent(out), int * ncount +hidden+intent(out)) 
C void getPtrToDynamicArray(int * * count +context+dimension(ncount)+intent(out), int * ncount +hidden+intent(out)) 
C void getPtrToFuncArray(int * * count +dimension(getLen())+intent(out)) 
C void getPtrToFuncArray(int * * count +context+dimension(getLen())+intent(out)) 
C void getPtrToConstScalar(const int * * nitems +intent(out)) 
C void getPtrToConstScalar(const int * * nitems +context+intent(out)) 
C void getPtrToFixedConstArray(const int * * count +dimension(10)+intent(out)) 
C void getPtrToFixedConstArray(const int * * count +context+dimension(10)+intent(out)) 
C void getPtrToDynamicConstArray(const int * * count +dimension(ncount)+intent(out), int * ncount +hidden+intent(out)) 
C void getPtrToDynamicConstArray(const int * * count +context+dimension(ncount)+intent(out), int * ncount +hidden+intent(out)) 
C void getRawPtrToScalar(int * * nitems +deref(raw)+intent(out)) 
C void getRawPtrToScalarForce(int * * nitems +deref(raw)+intent(out)) 
C void getRawPtrToFixedArray(int * * count +deref(raw)+intent(out)) 
C void getRawPtrToFixedArrayForce(int * * count +deref(raw)+intent(out)) 
C void getRawPtrToInt2d(int * * * arg +intent(out)) 
C int checkInt2d(int * * arg +intent(in))  +intent(function)
C void DimensionIn(const int * arg +dimension(10,20)) 
C void * returnAddress1(int flag +value)  +intent(function)
C void * returnAddress2(int flag +value)  +intent(function)
C void fetchVoidPtr(void * * addr +intent(out)) 
C int VoidPtrArray(void * * addr +rank(1))  +intent(function)
C int * returnIntPtrToScalar(void)  +deref(pointer)+intent(function)
C int * returnIntPtrToScalar(void)  +deref(pointer)+intent(function)
C int * returnIntPtrToFixedArray(void) +dimension(10)  +deref(pointer)+intent(function)
C int * returnIntPtrToFixedArray(void) +dimension(10)  +deref(pointer)+intent(function)
C const int * returnIntPtrToConstScalar(void)  +deref(pointer)+intent(function)
C const int * returnIntPtrToConstScalar(void)  +deref(pointer)+intent(function)
C const int * returnIntPtrToFixedConstArray(void) +dimension(10)  +deref(pointer)+intent(function)
C const int * returnIntPtrToFixedConstArray(void) +dimension(10)  +deref(pointer)+intent(function)
C int * returnIntScalar(void) +deref(scalar)  +deref(scalar)+intent(function)
C int * returnIntRaw(void) +deref(raw)  +deref(raw)+intent(function)
C int * returnIntRawWithArgs(const char * name) +deref(raw)  +deref(raw)+intent(function)
C int * * returnRawPtrToInt2d(void)  +deref(pointer)+intent(function)
C int * * returnRawPtrToInt2d(void)  +deref(pointer)+intent(function)
Close wrappointers.h
Close wrappointers.c
Fortran void intargs_in(const int * arg) 
Fortran void intargs_inout(int * arg) 
Fortran void intargs_out(int * arg +intent(out)) 
Fortran void intargs(const int argin +intent(in)+value, int * arginout +intent(inout), int * argout +intent(out)) 
Fortran void cos_doubles(double * in +intent(in)+rank(1), double * out +deref(allocatable)+dimension(size(in))+intent(out), int sizein +implied(size(in))+value) 
Fortran void truncate_to_int(double * in +intent(in)+rank(1), int * out +deref(allocatable)+dimension(size(in))+intent(out), int sizein +implied(size(in))+value) 
Fortran void get_values(int * nvalues +intent(OUT), int * values +dimension(3)+intent(out)) 
Fortran void get_values2(int * arg1 +dimension(3)+intent(out), int * arg2 +dimension(3)+intent(out)) 
Fortran void iota_allocatable(int nvar +value, int * values +deref(allocatable)+dimension(nvar)+intent(out)) 
Fortran void iota_dimension(int nvar +value, int * values +dimension(nvar)+intent(out)) 
Fortran void Sum(int len +implied(size(values))+value, const int * values +rank(1), int * result +intent(out)) 
Fortran void fillIntArray(int * out +dimension(3)+intent(out)) 
Fortran void incrementIntArray(int * array +intent(inout)+rank(1), int sizein +implied(size(array))+value) 
Fortran void fill_with_zeros(double * x +rank(1), int x_length +implied(size(x))+value) 
Fortran int accumulate(const int * arr +rank(1), size_t len +implied(size(arr))+value)  +intent(function)
Fortran int acceptCharArrayIn(char * * names +intent(in)+rank(1))  +intent(function)
Fortran void setGlobalInt(int value +value) 
Fortran int sumFixedArray(void)  +intent(function)
Fortran void getPtrToScalar(int * * nitems +intent(out)) 
Fortran void getPtrToFixedArray(int * * count +dimension(10)+intent(out)) 
Fortran void getPtrToDynamicArray(int * * count +dimension(ncount)+intent(out), int * ncount +hidden+intent(out)) 
Fortran void getPtrToFuncArray(int * * count +dimension(getLen())+intent(out)) 
Fortran void getPtrToConstScalar(const int * * nitems +intent(out)) 
Fortran void getPtrToFixedConstArray(const int * * count +dimension(10)+intent(out)) 
Fortran void getPtrToDynamicConstArray(const int * * count +dimension(ncount)+intent(out), int * ncount +hidden+intent(out)) 
Fortran void getRawPtrToScalar(int * * nitems +deref(raw)+intent(out)) 
Fortran void getRawPtrToScalarForce(int * * nitems +deref(raw)+intent(out)) 
Fortran void getRawPtrToFixedArray(int * * count +deref(raw)+intent(out)) 
Fortran void getRawPtrToFixedArrayForce(int * * count +deref(raw)+intent(out)) 
Fortran void getRawPtrToInt2d(int * * * arg +intent(out)) 
Fortran int checkInt2d(int * * arg +intent(in))  +intent(function)
Fortran void DimensionIn(const int * arg +dimension(10,20)) 
Fortran void * returnAddress1(int flag +value)  +intent(function)
Fortran void * returnAddress2(int flag +value)  +intent(function)
Fortran void fetchVoidPtr(void * * addr +intent(out)) 
Fortran int VoidPtrArray(void * * addr +rank(1))  +intent(function)
Fortran int * returnIntPtrToScalar(void)  +deref(pointer)+intent(function)
Fortran int * returnIntPtrToFixedArray(void) +dimension(10)  +deref(pointer)+intent(function)
Fortran const int * returnIntPtrToConstScalar(void)  +deref(pointer)+intent(function)
Fortran const int * returnIntPtrToFixedConstArray(void) +dimension(10)  +deref(pointer)+intent(function)
Fortran int * returnIntScalar(void) +deref(scalar)  +deref(scalar)+intent(function)
Fortran int * returnIntRaw(void) +deref(raw)  +deref(raw)+intent(function)
Fortran int * returnIntRawWithArgs(const char * name) +deref(raw)  +deref(raw)+intent(function)
Fortran int * * returnRawPtrToInt2d(void)  +deref(pointer)+intent(function)
C-interface void intargs_in(const int * arg) 
C-interface void intargs_inout(int * arg) 
C-interface void intargs_out(int * arg +intent(out)) 
C-interface void intargs(const int argin +intent(in)+value, int * arginout +intent(inout), int * argout +intent(out)) 
C-interface void cos_doubles(double * in +intent(in)+rank(1), double * out +deref(allocatable)+dimension(size(in))+intent(out), int sizein +implied(size(in))+value) 
C-interface void truncate_to_int(double * in +intent(in)+rank(1), int * out +deref(allocatable)+dimension(size(in))+intent(out), int sizein +implied(size(in))+value) 
C-interface void get_values(int * nvalues +intent(OUT), int * values +dimension(3)+intent(out)) 
C-interface void get_values2(int * arg1 +dimension(3)+intent(out), int * arg2 +dimension(3)+intent(out)) 
C-interface void iota_allocatable(int nvar +value, int * values +deref(allocatable)+dimension(nvar)+intent(out)) 
C-interface void iota_dimension(int nvar +value, int * values +dimension(nvar)+intent(out)) 
C-interface void Sum(int len +implied(size(values))+value, const int * values +rank(1), int * result +intent(out)) 
C-interface void fillIntArray(int * out +dimension(3)+intent(out)) 
C-interface void incrementIntArray(int * array +intent(inout)+rank(1), int sizein +implied(size(array))+value) 
C-interface void fill_with_zeros(double * x +rank(1), int x_length +implied(size(x))+value) 
C-interface int accumulate(const int * arr +rank(1), size_t len +implied(size(arr))+value)  +intent(function)
C-interface int acceptCharArrayIn(char * * names +intent(in)+rank(1))  +intent(function)
C-interface int acceptCharArrayIn(char * * names +intent(in)+len+rank(1)+size)  +intent(function)
C-interface void setGlobalInt(int value +value) 
C-interface int sumFixedArray(void)  +intent(function)
C-interface void getPtrToScalar(int * * nitems +intent(out)) 
C-interface void getPtrToScalar(int * * nitems +context+intent(out)) 
C-interface void getPtrToFixedArray(int * * count +dimension(10)+intent(out)) 
C-interface void getPtrToFixedArray(int * * count +context+dimension(10)+intent(out)) 
C-interface void getPtrToDynamicArray(int * * count +dimension(ncount)+intent(out), int * ncount +hidden+intent(out)) 
C-interface void getPtrToDynamicArray(int * * count +context+dimension(ncount)+intent(out), int * ncount +hidden+intent(out)) 
C-interface void getPtrToFuncArray(int * * count +dimension(getLen())+intent(out)) 
C-interface void getPtrToFuncArray(int * * count +context+dimension(getLen())+intent(out)) 
C-interface void getPtrToConstScalar(const int * * nitems +intent(out)) 
C-interface void getPtrToConstScalar(const int * * nitems +context+intent(out)) 
C-interface void getPtrToFixedConstArray(const int * * count +dimension(10)+intent(out)) 
C-interface void getPtrToFixedConstArray(const int * * count +context+dimension(10)+intent(out)) 
C-interface void getPtrToDynamicConstArray(const int * * count +dimension(ncount)+intent(out), int * ncount +hidden+intent(out)) 
C-interface void getPtrToDynamicConstArray(const int * * count +context+dimension(ncount)+intent(out), int * ncount +hidden+intent(out)) 
C-interface void getRawPtrToScalar(int * * nitems +deref(raw)+intent(out)) 
C-interface void getRawPtrToScalarForce(int * * nitems +deref(raw)+intent(out)) 
C-interface void getRawPtrToFixedArray(int * * count +deref(raw)+intent(out)) 
C-interface void getRawPtrToFixedArrayForce(int * * count +deref(raw)+intent(out)) 
C-interface void getRawPtrToInt2d(int * * * arg +intent(out)) 
C-interface int checkInt2d(int * * arg +intent(in))  +intent(function)
C-interface void DimensionIn(const int * arg +dimension(10,20)) 
C-interface void * returnAddress1(int flag +value)  +intent(function)
C-interface void * returnAddress2(int flag +value)  +intent(function)
C-interface void fetchVoidPtr(void * * addr +intent(out)) 
C-interface int VoidPtrArray(void * * addr +rank(1))  +intent(function)
C-interface int * returnIntPtrToScalar(void)  +deref(pointer)+intent(function)
C-interface int * returnIntPtrToScalar(void)  +deref(pointer)+intent(function)
C-interface int * returnIntPtrToFixedArray(void) +dimension(10)  +deref(pointer)+intent(function)
C-interface int * returnIntPtrToFixedArray(void) +dimension(10)  +deref(pointer)+intent(function)
C-interface const int * returnIntPtrToConstScalar(void)  +deref(pointer)+intent(function)
C-interface const int * returnIntPtrToConstScalar(void)  +deref(pointer)+intent(function)
C-interface const int * returnIntPtrToFixedConstArray(void) +dimension(10)  +deref(pointer)+intent(function)
C-interface const int * returnIntPtrToFixedConstArray(void) +dimension(10)  +deref(pointer)+intent(function)
C-interface int * returnIntScalar(void) +deref(scalar)  +deref(scalar)+intent(function)
C-interface int * returnIntRaw(void) +deref(raw)  +deref(raw)+intent(function)
C-interface int * returnIntRawWithArgs(const char * name) +deref(raw)  +deref(raw)+intent(function)
C-interface int * * returnRawPtrToInt2d(void)  +deref(pointer)+intent(function)
C-interface int * * returnRawPtrToInt2d(void)  +deref(pointer)+intent(function)
Close wrapfpointers.f
Close utilpointers.c
Close typespointers.h
