Read yaml pointers.yaml
C function void intargs(const int argin +intent(in)+value, int * arginout +intent(inout), int * argout +intent(out))
C function void cos_doubles(double * in +dimension(:)+intent(in), double * out +allocatable(mold=in)+intent(out), int sizein +implied(size(in))+intent(in)+value)
C function void truncate_to_int(double * in +dimension(:)+intent(in), int * out +allocatable(mold=in)+intent(out), int sizein +implied(size(in))+intent(in)+value)
C function void get_values(int * nvalues +intent(out), int * values +dimension(3)+intent(out))
C function void get_values2(int * arg1 +dimension(3)+intent(out), int * arg2 +dimension(3)+intent(out))
C function void iota_allocatable(int nvar +intent(in)+value, int * values +allocatable(nvar)+intent(out))
C function void iota_dimension(int nvar +intent(in)+value, int * values +dimension(nvar)+intent(out))
C function void Sum(int len +implied(size(values))+intent(in)+value, int * values +dimension(:)+intent(in), int * result +intent(out))
C function void fillIntArray(int * out +dimension(3)+intent(out))
C function void incrementIntArray(int * array +dimension(:)+intent(inout), int sizein +implied(size(array))+intent(in)+value)
C function void acceptCharArrayIn(char * * names +dimension(:)+intent(in))
C function void acceptCharArrayIn(char * * names +dimension(:)+intent(in)+len(Nnames)+size(Snames))
C function void setGlobalInt(int value +intent(in)+value)
C function int sumFixedArray()
C function void getPtrToScalar(int * * nitems +intent(out))
C function void getPtrToFixedArray(int * * count +dimension(10)+intent(out))
C function void getPtrToDynamicArray(int * * count +dimension(ncount)+intent(out), int * ncount +hidden+intent(out))
C function int getlen()
C function void getPtrToFuncArray(int * * count +dimension(getlen())+intent(out))
C function void getRawPtrToScalar(int * * nitems +deref(raw)+intent(out))
C function void getRawPtrToFixedArray(int * * count +deref(raw)+intent(out))
C function void * returnAddress1(int flag +intent(in)+value)
C function void * returnAddress2(int flag +intent(in)+value)
C function int * returnIntPtrToScalar()
C function int * returnIntPtrToFixedArray()
Close wrappointers.h
Close wrappointers.cpp
Close typespointers.h
C-interface, Fortran function void intargs(const int argin +intent(in)+value, int * arginout +intent(inout), int * argout +intent(out))
C-interface, Fortran function void cos_doubles(double * in +dimension(:)+intent(in), double * out +allocatable(mold=in)+intent(out), int sizein +implied(size(in))+intent(in)+value)
C-interface, Fortran function void truncate_to_int(double * in +dimension(:)+intent(in), int * out +allocatable(mold=in)+intent(out), int sizein +implied(size(in))+intent(in)+value)
C-interface, Fortran function void get_values(int * nvalues +intent(out), int * values +dimension(3)+intent(out))
C-interface, Fortran function void get_values2(int * arg1 +dimension(3)+intent(out), int * arg2 +dimension(3)+intent(out))
C-interface, Fortran function void iota_allocatable(int nvar +intent(in)+value, int * values +allocatable(nvar)+intent(out))
C-interface, Fortran function void iota_dimension(int nvar +intent(in)+value, int * values +dimension(nvar)+intent(out))
C-interface, Fortran function void Sum(int len +implied(size(values))+intent(in)+value, int * values +dimension(:)+intent(in), int * result +intent(out))
C-interface, Fortran function void fillIntArray(int * out +dimension(3)+intent(out))
C-interface, Fortran function void incrementIntArray(int * array +dimension(:)+intent(inout), int sizein +implied(size(array))+intent(in)+value)
C-interface, Fortran function void acceptCharArrayIn(char * * names +dimension(:)+intent(in))
C-interface function void acceptCharArrayIn(char * * names +dimension(:)+intent(in)+len(Nnames)+size(Snames))
C-interface, Fortran function void setGlobalInt(int value +intent(in)+value)
C-interface, Fortran function int sumFixedArray()
C-interface, Fortran function void getPtrToScalar(int * * nitems +intent(out))
C-interface, Fortran function void getPtrToFixedArray(int * * count +dimension(10)+intent(out))
C-interface, Fortran function void getPtrToDynamicArray(int * * count +dimension(ncount)+intent(out), int * ncount +hidden+intent(out))
C-interface, Fortran function int getlen()
C-interface, Fortran function void getPtrToFuncArray(int * * count +dimension(getlen())+intent(out))
C-interface, Fortran function void getRawPtrToScalar(int * * nitems +deref(raw)+intent(out))
C-interface, Fortran function void getRawPtrToFixedArray(int * * count +deref(raw)+intent(out))
C-interface, Fortran function void * returnAddress1(int flag +intent(in)+value)
C-interface, Fortran function void * returnAddress2(int flag +intent(in)+value)
C-interface, Fortran function int * returnIntPtrToScalar()
C-interface, Fortran function int * returnIntPtrToFixedArray()
Close wrapfpointers.f
