Read yaml namespace.yaml
Close ns_types.yaml
library C wrappers
namespace ns
namespace upper flatten
Close wrapns.h
namespace outer
struct Cstruct1
C c void One(void)
C f void One(void)
Close wrapns_outer.h
Close wrapns_outer.cpp
namespace nswork flatten
class ClassWork
Close wrapns.h
C c void PassLevelEnum(upper::Level value)
C f void PassLevelEnum(upper::Level value)
C c const std::string &LastFunctionCalled(void)
C f const std::string &LastFunctionCalled(void)
C c void One(void)
C f void One(void)
Close wrapns.h
Close wrapns.cpp
library Fortran wrappers
namespace ns
Fortran void PassLevelEnum(upper::Level value)
Fortran const std::string &LastFunctionCalled(void)
Fortran void One(void)
C-interface c void PassLevelEnum(upper::Level value)
C-interface f void PassLevelEnum(upper::Level value)
C-interface c const std::string &LastFunctionCalled(void)
C-interface f const std::string &LastFunctionCalled(void)
C-interface f void One(void)
namespace upper flatten
namespace outer
class Cstruct1
Fortran void One(void)
C-interface f void One(void)
Close wrapfns_outer.f
namespace nswork flatten
class ClassWork
Close wrapfns.f
Close utilns.cpp
Close typesns.h
class Cstruct1
Python method Cstruct1(int ifield, double dfield) +name(Cstruct1_ctor)
Close pyouter_Cstruct1type.cpp
Python function void One(void)
Close pyns_outermodule.cpp
class ClassWork
Close pynswork_ClassWorktype.cpp
Close pyns_nsworkmodule.cpp
Python function const std::string &LastFunctionCalled(void)
Python function void One(void)
Close pynsmodule.cpp
Close pynsutil.cpp
Close pynsmodule.hpp
Close setup.py
