Read yaml struct.yaml
Close struct_types.yaml
class Cstruct1
Python method Cstruct1(int ifield, double dfield) +name(Cstruct1_ctor)
Close pyCstruct1type.cpp
class Cstruct_ptr
Python method Cstruct_ptr(char * cfield, const double * const_dvalue) +name(Cstruct_ptr_ctor)
Close pyCstruct_ptrtype.cpp
class Cstruct_list
Python method Cstruct_list(int nitems, int * ivalue +dimension(nitems+nitems), double * dvalue +dimension(nitems*TWO), char * * svalue +dimension(nitems)) +name(Cstruct_list_ctor)
Close pyCstruct_listtype.cpp
class Cstruct_numpy
Python method Cstruct_numpy(int nitems, int * ivalue +dimension(nitems), double * dvalue +dimension(nitems)) +name(Cstruct_numpy_ctor)
Close pyCstruct_numpytype.cpp
class Arrays1
Python method Arrays1(char name[20], int count[10]) +name(Arrays1_ctor)
Close pyArrays1type.cpp
Python function int passStructByValue(Cstruct1 arg)
Python function int passStruct1(const Cstruct1 * arg)
Python function int passStruct2(const Cstruct1 * s1, char * outbuf +charlen(LENOUTBUF)+intent(out))
Python function int acceptStructInPtr(Cstruct1 * arg +intent(in))
Python function void acceptStructOutPtr(Cstruct1 * arg +intent(out), int i, double d)
Python function void acceptStructInOutPtr(Cstruct1 * arg +intent(inout))
Python function Cstruct1 returnStructByValue(int i, double d)
Python function Cstruct1 * returnStructPtr1(int i, double d)
Python function Cstruct1 * returnStructPtr2(int i, double d, char * outbuf +charlen(LENOUTBUF)+intent(out))
Python function Cstruct_list * get_global_struct_list(void)
Close pystructmodule.cpp
Close pystructutil.cpp
Close pystructmodule.hpp
Close setup.py
