Read yaml enum.yaml
C f int convert_to_int(enum Color in)
C f enum Color returnEnum(enum Color in)
C f void returnEnumOutArg(enum Color * out +intent(out))
Close wrapenum.h
Close wrapenum.c
Fortran int convert_to_int(enum Color in)
Fortran enum Color returnEnum(enum Color in)
Fortran void returnEnumOutArg(enum Color * out +intent(out))
C-interface f int convert_to_int(enum Color in)
C-interface f enum Color returnEnum(enum Color in)
C-interface f void returnEnumOutArg(enum Color * out +intent(out))
Close wrapfenum.f
Close utilenum.c
Close typesenum.h
Python function int convert_to_int(enum Color in)
Python function enum Color returnEnum(enum Color in)
Close pyenummodule.c
Close pyenummodule.h
Close setup.py
