Read yaml cdesc.yaml
C void Rank2In(int * arg +cdesc+intent(in)+rank(2)) 
C void GetScalar1(std::string & name +intent(in), void * value +cdesc+intent(out)+rank(0)+value) 
C void GetScalar1(std::string & name +intent(in)+len_trim, void * value +cdesc+intent(out)+rank(0)+value) 
C int getData(void)  +intent(result)
C double getData(void)  +intent(result)
Close wrapcdesc.h
Close wrapcdesc.cpp
Close typescdesc.h
Fortran void Rank2In(int * arg +cdesc+intent(in)+rank(2)) 
Fortran void GetScalar1(std::string & name +intent(in), int * value +cdesc+intent(out)+rank(0)) 
Fortran void GetScalar1(std::string & name +intent(in), double * value +cdesc+intent(out)+rank(0)) 
Fortran int getData(void)  +intent(result)
Fortran double getData(void)  +intent(result)
Fortran void GetScalar2(std::string & name +intent(in), int * value +intent(out)) 
Fortran void GetScalar2(std::string & name +intent(in), double * value +intent(out)) 
C-interface void Rank2In(int * arg +cdesc+intent(in)+rank(2)) 
C-interface void GetScalar1(std::string & name +intent(in), void * value +cdesc+intent(out)+rank(0)+value) 
C-interface void GetScalar1(std::string & name +intent(in)+len_trim, void * value +cdesc+intent(out)+rank(0)+value) 
C-interface int getData(void)  +intent(result)
C-interface double getData(void)  +intent(result)
Close wrapfcdesc.f
