Read yaml include.yaml
Close library_types.yaml
C void function1(void) 
Close wraplibrary_one_two.h
Close wraplibrary_one_two.cpp
class Class1
C void method1(CustomType arg1 +value) 
Close wrapthree_Class1.h
Close wrapthree_Class1.cpp
class class0
C void method(void) 
Close wrapouter1_class0.h
Close wrapouter1_class0.cpp
C void outer_func(void) 
Close wraplibrary_outer1.h
Close wraplibrary_outer1.cpp
class class0
C void method(void) 
Close wrapouter2_class0.h
Close wrapouter2_class0.cpp
C void outer_func(void) 
Close wraplibrary_outer2.h
Close wraplibrary_outer2.cpp
class Class2
C void method1(MPI_Comm comm +value) 
C void method2(three::Class1 * c2) 
Close wrapClass2.h
Close wrapClass2.cpp
Close wraplibrary.cpp
Close typeslibrary.h
class Class2
Fortran void method1(MPI_Comm comm +value) 
Fortran void method2(three::Class1 * c2) 
C-interface void method1(MPI_Comm comm +value) 
C-interface void method2(three::Class1 * c2) 
Fortran void function1(void) 
C-interface void function1(void) 
Close wrapflibrary_one_two.f
Close wrapflibrary_one.f
class Class1
Fortran void method1(CustomType arg1 +value) 
C-interface void method1(CustomType arg1 +value) 
Close wrapflibrary_three.f
class class0
Fortran void method(void) 
C-interface void method(void) 
Fortran void outer_func(void) 
C-interface void outer_func(void) 
Close wrapflibrary_outer1.f
class class0
Fortran void method(void) 
C-interface void method(void) 
Fortran void outer_func(void) 
C-interface void outer_func(void) 
Close wrapflibrary_outer2.f
Close wrapflibrary.f
