Read yaml char.yaml
C c void init_test(void)
C f void init_test(void)
C c void passChar(char status)
C f void passChar(char status)
C c void passCharForce(char status)
C f void passCharForce(char status)
C c char returnChar(void)
C f char returnChar(void)
C c void passCharPtr(char *dest +charlen(40)+intent(out), const char *src)
C f void passCharPtr(char *dest +charlen(40)+intent(out), const char *src)
C c void passCharPtrInOut(char *s +intent(inout))
C f void passCharPtrInOut(char *s +intent(inout))
C c const char *getCharPtr1(void)
C f const char *getCharPtr1(void)
C c const char *getConstCharPtrLen(void) +len(30)
C f const char *getConstCharPtrLen(void) +len(30)
C c const char *getCharPtr4(void) +deref(raw)
C f const char *getCharPtr4(void) +deref(raw)
C c const char *getCharPtr5(void) +deref(pointer)
C f const char *getCharPtr5(void) +deref(pointer)
C c const char *getConstCharPtrAsCopyArg(void)
C f const char *getConstCharPtrAsCopyArg(void)
C f const char *getConstCharPtrAsAllocArg(void) +deref(allocatable)+funcarg
C f const char *getConstCharPtrAsPointerArg(void) +deref(pointer)+funcarg
C f const char *getConstCharPtrAsRawArg(void) +deref(raw)+funcarg
C c void explicit1(char *name +intent(in)+len_trim(AAlen))
C f void explicit1(char *name +intent(in)+len_trim(AAlen))
C c void explicit2(char *name +intent(out)+len(AAtrim))
C f void explicit2(char *name +intent(out)+len(AAtrim))
C c void CpassChar(char status)
C f void CpassChar(char status)
C c char CreturnChar(void)
C f char CreturnChar(void)
C c void CpassCharPtr(char *dest +intent(out), const char *src +blanknull)
C f void CpassCharPtr(char *dest +intent(out), const char *src +blanknull)
C c void CpassCharPtrBlank(char *dest +intent(out), const char *src)
C f void CpassCharPtrBlank(char *dest +intent(out), const char *src)
C c int CpassCharPtrNotrim(const char *src)
C f int CpassCharPtrNotrim(const char *src)
C c int CpassCharPtrCAPI(void *addr, const char *src +api(capi))
C f int CpassCharPtrCAPI(void *addr, const char *src +api(capi))
C c int CpassCharPtrCAPI2(const char *in, const char *src +api(capi))
C f int CpassCharPtrCAPI2(const char *in, const char *src +api(capi))
C c int acceptCharArrayIn(char **names +intent(in))
C f int acceptCharArrayIn(char **names +intent(in))
C c void fetchCharPtrCopyLibrary(char **outstr +deref(copy)+intent(out))
C f void fetchCharPtrCopyLibrary(char **outstr +deref(copy)+intent(out))
C c void fetchCharPtrLibrary(char **outstr +deref(pointer)+intent(out))
C f void fetchCharPtrLibrary(char **outstr +deref(pointer)+intent(out))
C c int fetchCharPtrLibraryNULL(char **outstr +deref(pointer)+intent(out))
C f int fetchCharPtrLibraryNULL(char **outstr +deref(pointer)+intent(out))
Close wrapchar.h
Close wrapchar.cpp
Fortran void init_test(void)
Fortran void passChar(char status)
Fortran void passCharForce(char status)
Fortran char returnChar(void)
Fortran void passCharPtr(char *dest +charlen(40)+intent(out), const char *src)
Fortran void passCharPtrInOut(char *s +intent(inout))
Fortran const char *getCharPtr1(void)
Fortran const char *getConstCharPtrLen(void) +len(30)
Fortran const char *getCharPtr4(void) +deref(raw)
Fortran const char *getCharPtr5(void) +deref(pointer)
Fortran const char *getConstCharPtrAsCopyArg(void)
Fortran const char *getConstCharPtrAsAllocArg(void) +deref(allocatable)+funcarg
Fortran const char *getConstCharPtrAsPointerArg(void) +deref(pointer)+funcarg
Fortran const char *getConstCharPtrAsRawArg(void) +deref(raw)+funcarg
Fortran void explicit1(char *name +intent(in)+len_trim(AAlen))
Fortran void explicit2(char *name +intent(out)+len(AAtrim))
Fortran void CpassChar(char status)
Fortran char CreturnChar(void)
Fortran void CpassCharPtr(char *dest +intent(out), const char *src +blanknull)
Fortran void CpassCharPtrBlank(char *dest +intent(out), const char *src)
Fortran int CpassCharPtrNotrim(const char *src)
Fortran int CpassCharPtrCAPI(void *addr, const char *src +api(capi))
Fortran int CpassCharPtrCAPI2(const char *in, const char *src +api(capi))
Fortran int acceptCharArrayIn(char **names +intent(in))
Fortran void fetchCharPtrCopyLibrary(char **outstr +deref(copy)+intent(out))
Fortran void fetchCharPtrLibrary(char **outstr +deref(pointer)+intent(out))
Fortran int fetchCharPtrLibraryNULL(char **outstr +deref(pointer)+intent(out))
C-interface f void init_test(void)
C-interface f void passChar(char status)
C-interface f void passCharForce(char status)
C-interface f char returnChar(void)
C-interface c void passCharPtr(char *dest +charlen(40)+intent(out), const char *src)
C-interface f void passCharPtr(char *dest +charlen(40)+intent(out), const char *src)
C-interface c void passCharPtrInOut(char *s +intent(inout))
C-interface f void passCharPtrInOut(char *s +intent(inout))
C-interface c const char *getCharPtr1(void)
C-interface f const char *getCharPtr1(void)
C-interface c const char *getConstCharPtrLen(void) +len(30)
C-interface f const char *getConstCharPtrLen(void) +len(30)
C-interface f const char *getCharPtr4(void) +deref(raw)
C-interface c const char *getCharPtr5(void) +deref(pointer)
C-interface f const char *getCharPtr5(void) +deref(pointer)
C-interface c const char *getConstCharPtrAsCopyArg(void)
C-interface f const char *getConstCharPtrAsCopyArg(void)
C-interface f const char *getConstCharPtrAsAllocArg(void) +deref(allocatable)+funcarg
C-interface f const char *getConstCharPtrAsPointerArg(void) +deref(pointer)+funcarg
C-interface f const char *getConstCharPtrAsRawArg(void) +deref(raw)+funcarg
C-interface f void explicit1(char *name +intent(in)+len_trim(AAlen))
C-interface c void explicit2(char *name +intent(out)+len(AAtrim))
C-interface f void explicit2(char *name +intent(out)+len(AAtrim))
C-interface f void CpassChar(char status)
C-interface f char CreturnChar(void)
C-interface c void CpassCharPtr(char *dest +intent(out), const char *src +blanknull)
C-interface f void CpassCharPtr(char *dest +intent(out), const char *src +blanknull)
C-interface c void CpassCharPtrBlank(char *dest +intent(out), const char *src)
C-interface f void CpassCharPtrBlank(char *dest +intent(out), const char *src)
C-interface c int CpassCharPtrNotrim(const char *src)
C-interface f int CpassCharPtrNotrim(const char *src)
C-interface f int CpassCharPtrCAPI(void *addr, const char *src +api(capi))
C-interface f int CpassCharPtrCAPI2(const char *in, const char *src +api(capi))
C-interface c int acceptCharArrayIn(char **names +intent(in))
C-interface f int acceptCharArrayIn(char **names +intent(in))
C-interface c void fetchCharPtrCopyLibrary(char **outstr +deref(copy)+intent(out))
C-interface f void fetchCharPtrCopyLibrary(char **outstr +deref(copy)+intent(out))
C-interface c void fetchCharPtrLibrary(char **outstr +deref(pointer)+intent(out))
C-interface f void fetchCharPtrLibrary(char **outstr +deref(pointer)+intent(out))
C-interface c int fetchCharPtrLibraryNULL(char **outstr +deref(pointer)+intent(out))
C-interface f int fetchCharPtrLibraryNULL(char **outstr +deref(pointer)+intent(out))
Close wrapfchar.f
Close utilchar.cpp
Close typeschar.h
Python function void init_test(void)
Python function void passChar(char status)
Python function char returnChar(void)
Python function void passCharPtr(char *dest +charlen(40)+intent(out), const char *src)
Python function void passCharPtrInOut(char *s +intent(inout))
Python function const char *getCharPtr1(void)
Python function const char *getConstCharPtrLen(void) +len(30)
Python function const char *getConstCharPtrAsCopyArg(void)
Python function void explicit1(char *name +intent(in)+len_trim(AAlen))
Python function void CpassChar(char status)
Python function char CreturnChar(void)
Python function int acceptCharArrayIn(char **names +intent(in))
Python function void fetchCharPtrLibrary(char **outstr +deref(pointer)+intent(out))
Python function int fetchCharPtrLibraryNULL(char **outstr +deref(pointer)+intent(out))
Close pycharmodule.cpp
Close pycharmodule.hpp
Close setup.py
