Read yaml types.yaml
C function short short_func(short arg1 +intent(in)+value)
C function int int_func(int arg1 +intent(in)+value)
C function long long_func(long arg1 +intent(in)+value)
C function long long long_long_func(long long arg1 +intent(in)+value)
C function short int short_int_func(short int arg1 +intent(in)+value)
C function long int long_int_func(long int arg1 +intent(in)+value)
C function long long int long_long_int_func(long long int arg1 +intent(in)+value)
C function unsigned unsigned_func(unsigned arg1 +intent(in)+value)
C function unsigned short ushort_func(unsigned short arg1 +intent(in)+value)
C function unsigned int uint_func(unsigned int arg1 +intent(in)+value)
C function unsigned long ulong_func(unsigned long arg1 +intent(in)+value)
C function unsigned long long ulong_long_func(unsigned long long arg1 +intent(in)+value)
C function unsigned long int ulong_int_func(unsigned long int arg1 +intent(in)+value)
C function int8_t int8_func(int8_t arg1 +intent(in)+value)
C function int16_t int16_func(int16_t arg1 +intent(in)+value)
C function int32_t int32_func(int32_t arg1 +intent(in)+value)
C function int64_t int64_func(int64_t arg1 +intent(in)+value)
C function uint8_t uint8_func(uint8_t arg1 +intent(in)+value)
C function uint16_t uint16_func(uint16_t arg1 +intent(in)+value)
C function uint32_t uint32_func(uint32_t arg1 +intent(in)+value)
C function uint64_t uint64_func(uint64_t arg1 +intent(in)+value)
C function size_t size_func(size_t arg1 +intent(in)+value)
C function bool bool_func(bool arg +intent(in)+value)
C function bool returnBoolAndOthers(int * flag +intent(out))
Close wraptypes.h
Close wraptypes.cpp
Close typestypes.h
Fortran short short_func(short arg1 +intent(in)+value)
Fortran int int_func(int arg1 +intent(in)+value)
Fortran long long_func(long arg1 +intent(in)+value)
Fortran long long long_long_func(long long arg1 +intent(in)+value)
Fortran short int short_int_func(short int arg1 +intent(in)+value)
Fortran long int long_int_func(long int arg1 +intent(in)+value)
Fortran long long int long_long_int_func(long long int arg1 +intent(in)+value)
Fortran unsigned unsigned_func(unsigned arg1 +intent(in)+value)
Fortran unsigned short ushort_func(unsigned short arg1 +intent(in)+value)
Fortran unsigned int uint_func(unsigned int arg1 +intent(in)+value)
Fortran unsigned long ulong_func(unsigned long arg1 +intent(in)+value)
Fortran unsigned long long ulong_long_func(unsigned long long arg1 +intent(in)+value)
Fortran unsigned long int ulong_int_func(unsigned long int arg1 +intent(in)+value)
Fortran int8_t int8_func(int8_t arg1 +intent(in)+value)
Fortran int16_t int16_func(int16_t arg1 +intent(in)+value)
Fortran int32_t int32_func(int32_t arg1 +intent(in)+value)
Fortran int64_t int64_func(int64_t arg1 +intent(in)+value)
Fortran uint8_t uint8_func(uint8_t arg1 +intent(in)+value)
Fortran uint16_t uint16_func(uint16_t arg1 +intent(in)+value)
Fortran uint32_t uint32_func(uint32_t arg1 +intent(in)+value)
Fortran uint64_t uint64_func(uint64_t arg1 +intent(in)+value)
Fortran size_t size_func(size_t arg1 +intent(in)+value)
Fortran bool bool_func(bool arg +intent(in)+value)
Fortran bool returnBoolAndOthers(int * flag +intent(out))
C-interface short short_func(short arg1 +intent(in)+value)
C-interface int int_func(int arg1 +intent(in)+value)
C-interface long long_func(long arg1 +intent(in)+value)
C-interface long long long_long_func(long long arg1 +intent(in)+value)
C-interface short int short_int_func(short int arg1 +intent(in)+value)
C-interface long int long_int_func(long int arg1 +intent(in)+value)
C-interface long long int long_long_int_func(long long int arg1 +intent(in)+value)
C-interface unsigned unsigned_func(unsigned arg1 +intent(in)+value)
C-interface unsigned short ushort_func(unsigned short arg1 +intent(in)+value)
C-interface unsigned int uint_func(unsigned int arg1 +intent(in)+value)
C-interface unsigned long ulong_func(unsigned long arg1 +intent(in)+value)
C-interface unsigned long long ulong_long_func(unsigned long long arg1 +intent(in)+value)
C-interface unsigned long int ulong_int_func(unsigned long int arg1 +intent(in)+value)
C-interface int8_t int8_func(int8_t arg1 +intent(in)+value)
C-interface int16_t int16_func(int16_t arg1 +intent(in)+value)
C-interface int32_t int32_func(int32_t arg1 +intent(in)+value)
C-interface int64_t int64_func(int64_t arg1 +intent(in)+value)
C-interface uint8_t uint8_func(uint8_t arg1 +intent(in)+value)
C-interface uint16_t uint16_func(uint16_t arg1 +intent(in)+value)
C-interface uint32_t uint32_func(uint32_t arg1 +intent(in)+value)
C-interface uint64_t uint64_func(uint64_t arg1 +intent(in)+value)
C-interface size_t size_func(size_t arg1 +intent(in)+value)
C-interface bool bool_func(bool arg +intent(in)+value)
C-interface bool returnBoolAndOthers(int * flag +intent(out))
Close wrapftypes.f
Python function short short_func(short arg1 +intent(in)+value)
Python function int int_func(int arg1 +intent(in)+value)
Python function long long_func(long arg1 +intent(in)+value)
Python function long long long_long_func(long long arg1 +intent(in)+value)
Python function short int short_int_func(short int arg1 +intent(in)+value)
Python function long int long_int_func(long int arg1 +intent(in)+value)
Python function long long int long_long_int_func(long long int arg1 +intent(in)+value)
Python function unsigned unsigned_func(unsigned arg1 +intent(in)+value)
Python function unsigned short ushort_func(unsigned short arg1 +intent(in)+value)
Python function unsigned int uint_func(unsigned int arg1 +intent(in)+value)
Python function unsigned long ulong_func(unsigned long arg1 +intent(in)+value)
Python function unsigned long long ulong_long_func(unsigned long long arg1 +intent(in)+value)
Python function unsigned long int ulong_int_func(unsigned long int arg1 +intent(in)+value)
Python function int8_t int8_func(int8_t arg1 +intent(in)+value)
Python function int16_t int16_func(int16_t arg1 +intent(in)+value)
Python function int32_t int32_func(int32_t arg1 +intent(in)+value)
Python function int64_t int64_func(int64_t arg1 +intent(in)+value)
Python function uint8_t uint8_func(uint8_t arg1 +intent(in)+value)
Python function uint16_t uint16_func(uint16_t arg1 +intent(in)+value)
Python function uint32_t uint32_func(uint32_t arg1 +intent(in)+value)
Python function uint64_t uint64_func(uint64_t arg1 +intent(in)+value)
Python function size_t size_func(size_t arg1 +intent(in)+value)
Python function bool bool_func(bool arg +intent(in)+value)
Python function bool returnBoolAndOthers(int * flag +intent(out))
Close pytypesmodule.cpp
Close pytypesmodule.hpp
Close setup.py
