Read yaml arrayclass.yaml
Close arrayclass_types.yaml
class ArrayWrapper
C c ArrayWrapper(void)  +api(capptr)+intent(ctor)
C f ArrayWrapper(void)  +api(capptr)+intent(ctor)
C c void setSize(int size +value)  +intent(subroutine)
C f void setSize(int size +value)  +intent(subroutine)
C c int getSize(void) const  +intent(function)
C f int getSize(void) const  +intent(function)
C c void fillSize(int & size +intent(out))  +intent(subroutine)
C f void fillSize(int & size +intent(out))  +intent(subroutine)
C c void allocate(void)  +intent(subroutine)
C f void allocate(void)  +intent(subroutine)
C c double * getArray(void) +dimension(getSize())  +deref(pointer)+intent(function)
C f double * getArray(void) +dimension(getSize())  +api(cdesc)+deref(pointer)+intent(function)
C c double * getArrayConst(void) const +dimension(getSize())  +deref(pointer)+intent(function)
C f double * getArrayConst(void) const +dimension(getSize())  +api(cdesc)+deref(pointer)+intent(function)
C c const double * getArrayC(void) +dimension(getSize())  +deref(pointer)+intent(function)
C f const double * getArrayC(void) +dimension(getSize())  +api(cdesc)+deref(pointer)+intent(function)
C c const double * getArrayConstC(void) const +dimension(getSize())  +deref(pointer)+intent(function)
C f const double * getArrayConstC(void) const +dimension(getSize())  +api(cdesc)+deref(pointer)+intent(function)
C c void fetchArrayPtr(double * * array +dimension(isize)+intent(out), int * isize +hidden)  +intent(subroutine)
C f void fetchArrayPtr(double * * array +dimension(isize)+intent(out), int * isize +hidden)  +intent(subroutine)
C c void fetchArrayRef(double * & array +dimension(isize)+intent(out), int & isize +hidden)  +intent(subroutine)
C f void fetchArrayRef(double * & array +dimension(isize)+intent(out), int & isize +hidden)  +intent(subroutine)
C c void fetchArrayPtrConst(const double * * array +dimension(isize)+intent(out), int * isize +hidden)  +intent(subroutine)
C f void fetchArrayPtrConst(const double * * array +dimension(isize)+intent(out), int * isize +hidden)  +intent(subroutine)
C c void fetchArrayRefConst(const double * & array +dimension(isize)+intent(out), int & isize +hidden)  +intent(subroutine)
C f void fetchArrayRefConst(const double * & array +dimension(isize)+intent(out), int & isize +hidden)  +intent(subroutine)
C c void fetchVoidPtr(void * * array +intent(out))  +intent(subroutine)
C f void fetchVoidPtr(void * * array +intent(out))  +intent(subroutine)
C c void fetchVoidRef(void * & array +intent(out))  +intent(subroutine)
C f void fetchVoidRef(void * & array +intent(out))  +intent(subroutine)
C c bool checkPtr(void * array +value)  +intent(function)
C f bool checkPtr(void * array +value)  +intent(function)
C c double sumArray(void)  +intent(function)
C f double sumArray(void)  +intent(function)
Close wrapArrayWrapper.h
Close wrapArrayWrapper.cpp
class ArrayWrapper
Fortran ArrayWrapper(void)  +api(capptr)+intent(ctor)
Fortran void setSize(int size +value)  +intent(subroutine)
Fortran int getSize(void) const  +intent(function)
Fortran void fillSize(int & size +intent(out))  +intent(subroutine)
Fortran void allocate(void)  +intent(subroutine)
Fortran double * getArray(void) +dimension(getSize())  +api(cdesc)+deref(pointer)+intent(function)
Fortran double * getArrayConst(void) const +dimension(getSize())  +api(cdesc)+deref(pointer)+intent(function)
Fortran const double * getArrayC(void) +dimension(getSize())  +api(cdesc)+deref(pointer)+intent(function)
Fortran const double * getArrayConstC(void) const +dimension(getSize())  +api(cdesc)+deref(pointer)+intent(function)
Fortran void fetchArrayPtr(double * * array +dimension(isize)+intent(out), int * isize +hidden)  +intent(subroutine)
Fortran void fetchArrayRef(double * & array +dimension(isize)+intent(out), int & isize +hidden)  +intent(subroutine)
Fortran void fetchArrayPtrConst(const double * * array +dimension(isize)+intent(out), int * isize +hidden)  +intent(subroutine)
Fortran void fetchArrayRefConst(const double * & array +dimension(isize)+intent(out), int & isize +hidden)  +intent(subroutine)
Fortran void fetchVoidPtr(void * * array +intent(out))  +intent(subroutine)
Fortran void fetchVoidRef(void * & array +intent(out))  +intent(subroutine)
Fortran bool checkPtr(void * array +value)  +intent(function)
Fortran double sumArray(void)  +intent(function)
C-interface f ArrayWrapper(void)  +api(capptr)+intent(ctor)
C-interface f void setSize(int size +value)  +intent(subroutine)
C-interface f int getSize(void) const  +intent(function)
C-interface f void fillSize(int & size +intent(out))  +intent(subroutine)
C-interface f void allocate(void)  +intent(subroutine)
C-interface c double * getArray(void) +dimension(getSize())  +deref(pointer)+intent(function)
C-interface f double * getArray(void) +dimension(getSize())  +api(cdesc)+deref(pointer)+intent(function)
C-interface c double * getArrayConst(void) const +dimension(getSize())  +deref(pointer)+intent(function)
C-interface f double * getArrayConst(void) const +dimension(getSize())  +api(cdesc)+deref(pointer)+intent(function)
C-interface c const double * getArrayC(void) +dimension(getSize())  +deref(pointer)+intent(function)
C-interface f const double * getArrayC(void) +dimension(getSize())  +api(cdesc)+deref(pointer)+intent(function)
C-interface c const double * getArrayConstC(void) const +dimension(getSize())  +deref(pointer)+intent(function)
C-interface f const double * getArrayConstC(void) const +dimension(getSize())  +api(cdesc)+deref(pointer)+intent(function)
C-interface c void fetchArrayPtr(double * * array +dimension(isize)+intent(out), int * isize +hidden)  +intent(subroutine)
C-interface f void fetchArrayPtr(double * * array +dimension(isize)+intent(out), int * isize +hidden)  +intent(subroutine)
C-interface c void fetchArrayRef(double * & array +dimension(isize)+intent(out), int & isize +hidden)  +intent(subroutine)
C-interface f void fetchArrayRef(double * & array +dimension(isize)+intent(out), int & isize +hidden)  +intent(subroutine)
C-interface c void fetchArrayPtrConst(const double * * array +dimension(isize)+intent(out), int * isize +hidden)  +intent(subroutine)
C-interface f void fetchArrayPtrConst(const double * * array +dimension(isize)+intent(out), int * isize +hidden)  +intent(subroutine)
C-interface c void fetchArrayRefConst(const double * & array +dimension(isize)+intent(out), int & isize +hidden)  +intent(subroutine)
C-interface f void fetchArrayRefConst(const double * & array +dimension(isize)+intent(out), int & isize +hidden)  +intent(subroutine)
C-interface f void fetchVoidPtr(void * * array +intent(out))  +intent(subroutine)
C-interface f void fetchVoidRef(void * & array +intent(out))  +intent(subroutine)
C-interface f bool checkPtr(void * array +value)  +intent(function)
C-interface f double sumArray(void)  +intent(function)
Close wrapfarrayclass.f
Close utilarrayclass.cpp
Close typesarrayclass.h
class ArrayWrapper
Python method ArrayWrapper(void)
Python method void setSize(int size +value)
Python method int getSize(void) const
Python method void fillSize(int & size +intent(out))
Python method void allocate(void)
Python method double * getArray(void) +dimension(getSize())
Python method double * getArrayConst(void) const +dimension(getSize())
Python method const double * getArrayC(void) +dimension(getSize())
Python method const double * getArrayConstC(void) const +dimension(getSize())
Python method void fetchArrayPtr(double * * array +dimension(isize)+intent(out), int * isize +hidden)
Python method void fetchArrayRef(double * & array +dimension(isize)+intent(out), int & isize +hidden)
Python method void fetchArrayPtrConst(const double * * array +dimension(isize)+intent(out), int * isize +hidden)
Python method void fetchArrayRefConst(const double * & array +dimension(isize)+intent(out), int & isize +hidden)
Python method void fetchVoidPtr(void * * array +intent(out))
Python method void fetchVoidRef(void * & array +intent(out))
Python method bool checkPtr(void * array +value)
Python method double sumArray(void)
Close pyArrayWrappertype.cpp
Close pyarrayclassmodule.cpp
Close pyarrayclassutil.cpp
Close pyarrayclassmodule.hpp
Close setup.py
