Read yaml references.yaml
Close references_types.yaml
class ArrayWrapper
C method ArrayWrapper()
C method void setSize(int size +intent(in)+value)
C method int getSize() const
C method void fillSize(int & size +intent(out))
C method void allocate()
C method double * getArray() +dimension(getSize())
C method double * getArray() +context(DSHC_rv)+dimension(getSize())
C method double * getArrayConst() const +dimension(getSize())
C method double * getArrayConst() const +context(DSHC_rv)+dimension(getSize())
C method const double * getArrayC() +dimension(getSize())
C method const double * getArrayC() +context(DSHC_rv)+dimension(getSize())
C method const double * getArrayConstC() const +dimension(getSize())
C method const double * getArrayConstC() const +context(DSHC_rv)+dimension(getSize())
C method void fetchArrayPtr(double * * array +deref(pointer)+dimension(isize)+intent(out), int * isize +hidden+intent(in))
C method void fetchArrayPtr(double * * array +context(Darray)+deref(pointer)+dimension(isize)+intent(out), int * isize +hidden+intent(in))
C method void fetchArrayRef(double * & array +deref(pointer)+dimension(isize)+intent(out), int & isize +hidden+intent(in))
C method void fetchArrayRef(double * & array +context(Darray)+deref(pointer)+dimension(isize)+intent(out), int & isize +hidden+intent(in))
C method void fetchArrayPtrConst(const double * * array +deref(pointer)+dimension(isize)+intent(out), int * isize +hidden+intent(in))
C method void fetchArrayPtrConst(const double * * array +context(Darray)+deref(pointer)+dimension(isize)+intent(out), int * isize +hidden+intent(in))
C method void fetchArrayRefConst(const double * & array +deref(pointer)+dimension(isize)+intent(out), int & isize +hidden+intent(in))
C method void fetchArrayRefConst(const double * & array +context(Darray)+deref(pointer)+dimension(isize)+intent(out), int & isize +hidden+intent(in))
C method void fetchVoidPtr(void * * array +intent(out))
C method void fetchVoidRef(void * & array +intent(out))
C method bool checkPtr(void * array +intent(in)+value)
C method double sumArray()
Close wrapArrayWrapper.h
Close wrapArrayWrapper.cpp
Close wrapreferences.cpp
Close typesreferences.h
class ArrayWrapper
C-interface, Fortran method ArrayWrapper()
C-interface, Fortran method void setSize(int size +intent(in)+value)
C-interface, Fortran method int getSize() const
C-interface, Fortran method void fillSize(int & size +intent(out))
C-interface, Fortran method void allocate()
C-interface, Fortran method double * getArray() +dimension(getSize())
C-interface method double * getArray() +context(DSHC_rv)+dimension(getSize())
C-interface, Fortran method double * getArrayConst() const +dimension(getSize())
C-interface method double * getArrayConst() const +context(DSHC_rv)+dimension(getSize())
C-interface, Fortran method const double * getArrayC() +dimension(getSize())
C-interface method const double * getArrayC() +context(DSHC_rv)+dimension(getSize())
C-interface, Fortran method const double * getArrayConstC() const +dimension(getSize())
C-interface method const double * getArrayConstC() const +context(DSHC_rv)+dimension(getSize())
C-interface, Fortran method void fetchArrayPtr(double * * array +deref(pointer)+dimension(isize)+intent(out), int * isize +hidden+intent(in))
C-interface method void fetchArrayPtr(double * * array +context(Darray)+deref(pointer)+dimension(isize)+intent(out), int * isize +hidden+intent(in))
C-interface, Fortran method void fetchArrayRef(double * & array +deref(pointer)+dimension(isize)+intent(out), int & isize +hidden+intent(in))
C-interface method void fetchArrayRef(double * & array +context(Darray)+deref(pointer)+dimension(isize)+intent(out), int & isize +hidden+intent(in))
C-interface, Fortran method void fetchArrayPtrConst(const double * * array +deref(pointer)+dimension(isize)+intent(out), int * isize +hidden+intent(in))
C-interface method void fetchArrayPtrConst(const double * * array +context(Darray)+deref(pointer)+dimension(isize)+intent(out), int * isize +hidden+intent(in))
C-interface, Fortran method void fetchArrayRefConst(const double * & array +deref(pointer)+dimension(isize)+intent(out), int & isize +hidden+intent(in))
C-interface method void fetchArrayRefConst(const double * & array +context(Darray)+deref(pointer)+dimension(isize)+intent(out), int & isize +hidden+intent(in))
C-interface, Fortran method void fetchVoidPtr(void * * array +intent(out))
C-interface, Fortran method void fetchVoidRef(void * & array +intent(out))
C-interface, Fortran method bool checkPtr(void * array +intent(in)+value)
C-interface, Fortran method double sumArray()
Close wrapfreferences.f
class ArrayWrapper
Python method ArrayWrapper()
Python method void setSize(int size +intent(in)+value)
Python method int getSize() const
Python method void fillSize(int & size +intent(out))
Python method void allocate()
Python method double * getArray() +dimension(getSize())
Python method double * getArrayConst() const +dimension(getSize())
Python method const double * getArrayC() +dimension(getSize())
Python method const double * getArrayConstC() const +dimension(getSize())
Python method void fetchArrayPtr(double * * array +deref(pointer)+dimension(isize)+intent(out), int * isize +hidden+intent(in))
Python method void fetchArrayRef(double * & array +deref(pointer)+dimension(isize)+intent(out), int & isize +hidden+intent(in))
Python method void fetchArrayPtrConst(const double * * array +deref(pointer)+dimension(isize)+intent(out), int * isize +hidden+intent(in))
Python method void fetchArrayRefConst(const double * & array +deref(pointer)+dimension(isize)+intent(out), int & isize +hidden+intent(in))
Python method void fetchVoidPtr(void * * array +intent(out))
Python method void fetchVoidRef(void * & array +intent(out))
Python method bool checkPtr(void * array +intent(in)+value)
Python method double sumArray()
Close pyArrayWrappertype.cpp
Close pyreferencesmodule.cpp
Close pyreferencesutil.cpp
Close pyreferencesmodule.hpp
Close setup.py
